#-----------------------------------------------------------
# Vivado v2020.2 (64-bit)
# SW Build 3064766 on Wed Nov 18 09:12:45 MST 2020
# IP Build 3064653 on Wed Nov 18 14:17:31 MST 2020
# Start of session at: Wed Feb 23 10:47:11 2022
# Process ID: 24452
# Current directory: C:/PYNQ/PYNQ-master/PYNQ-master/boards/ip/Gaussian_Blur/solution1/impl/ip
# Command line: vivado.exe -notrace -mode batch -source run_ippack.tcl
# Log file: C:/PYNQ/PYNQ-master/PYNQ-master/boards/ip/Gaussian_Blur/solution1/impl/ip/vivado.log
# Journal file: C:/PYNQ/PYNQ-master/PYNQ-master/boards/ip/Gaussian_Blur/solution1/impl/ip\vivado.jou
#-----------------------------------------------------------
source run_ippack.tcl -notrace
INFO: [IP_Flow 19-234] Refreshing IP repositories
INFO: [IP_Flow 19-1704] No user IP repositories specified
INFO: [IP_Flow 19-2313] Loaded Vivado IP repository 'C:/Xilinx/Vivado/2020.2/data/ip'.
INFO: [IP_Flow 19-1686] Generating 'Synthesis' target for IP 'Blur_ap_dmul_5_max_dsp_64'...
INFO: [IP_Flow 19-1686] Generating 'Simulation' target for IP 'Blur_ap_dmul_5_max_dsp_64'...
WARNING: [IP_Flow 19-4832] The IP name 'Blur_ap_uitodp_4_no_dsp_32' you have specified is long. The Windows operating system has path length limitations. It is recommended you use shorter names to reduce the likelihood of issues.
INFO: [IP_Flow 19-1686] Generating 'Synthesis' target for IP 'Blur_ap_uitodp_4_no_dsp_32'...
INFO: [IP_Flow 19-1686] Generating 'Simulation' target for IP 'Blur_ap_uitodp_4_no_dsp_32'...
INFO: [IP_Flow 19-234] Refreshing IP repositories
INFO: [IP_Flow 19-1704] No user IP repositories specified
INFO: [IP_Flow 19-2313] Loaded Vivado IP repository 'C:/Xilinx/Vivado/2020.2/data/ip'.
INFO: [Common 17-206] Exiting Vivado at Wed Feb 23 10:47:23 2022...
