

================================================================
== Vitis HLS Report for 'GRAY2RGB'
================================================================
* Date:           Sun Feb 27 08:02:02 2022

* Version:        2020.2 (Build 3064766 on Wed Nov 18 09:12:45 MST 2020)
* Project:        GRAY2RGB
* Solution:       solution1 (Vivado IP Flow Target)
* Product family: zynq
* Target device:  xc7z020-clg400-1


================================================================
== Performance Estimates
================================================================
+ Timing: 
    * Summary: 
    +--------+----------+----------+------------+
    |  Clock |  Target  | Estimated| Uncertainty|
    +--------+----------+----------+------------+
    |ap_clk  |  10.00 ns|      0 ns|     2.70 ns|
    +--------+----------+----------+------------+

+ Latency: 
    * Summary: 
    +---------+---------+----------+----------+-----+-----+---------+
    |  Latency (cycles) |  Latency (absolute) |  Interval | Pipeline|
    |   min   |   max   |    min   |    max   | min | max |   Type  |
    +---------+---------+----------+----------+-----+-----+---------+
    |        ?|        ?|         ?|         ?|    ?|    ?|     none|
    +---------+---------+----------+----------+-----+-----+---------+

    + Detail: 
        * Instance: 
        N/A

        * Loop: 
        +-------------------+---------+---------+----------+-----------+-----------+------+----------+
        |                   |  Latency (cycles) | Iteration|  Initiation Interval  | Trip |          |
        |     Loop Name     |   min   |   max   |  Latency |  achieved |   target  | Count| Pipelined|
        +-------------------+---------+---------+----------+-----------+-----------+------+----------+
        |- VITIS_LOOP_13_1  |        ?|        ?|         2|          1|          1|     ?|       yes|
        +-------------------+---------+---------+----------+-----------+-----------+------+----------+

============================================================
+ Verbose Summary: Synthesis Manager
============================================================
InlineROM: 1
ExposeGlobal: 0
============================================================
+ Verbose Summary: CDFG Model
============================================================
IsTopModel: 1
ResetActiveHigh: 1
IsCombinational: 0
IsDatapathOnly: 0
HasWiredReturn: 1
HasMFsm: 0
HasVarLatency: 1
IsPipeline: 0
IsRtlPipelined: 0
IsInstanceOverlapped: 0
IsDontTouch: 0
HasImplIP: 0
IsGatedGlobalClock: 0

+ Individual pipeline summary: 
  * Pipeline-0: initiation interval (II) = 1, depth = 2


============================================================
+ Verbose Summary: Schedule
============================================================
* Number of FSM states : 4
* Pipeline : 1
  Pipeline-0 : II = 1, D = 2, States = { 2 3 }
* Dataflow Pipeline: 0

* FSM state transitions: 
1 --> 2 
2 --> 3 
3 --> 4 2 
4 --> 

* FSM state operations: 

State 1 <SV = 0> <Delay = 0.00>
ST_1 : Operation 5 [1/1] (0.00ns)   --->   "%spectopmodule_ln0 = spectopmodule void @_ssdm_op_SpecTopModule, void @empty_2"   --->   Operation 5 'spectopmodule' 'spectopmodule_ln0' <Predicate = true> <Delay = 0.00>
ST_1 : Operation 6 [1/1] (0.00ns)   --->   "%specinterface_ln0 = specinterface void @_ssdm_op_SpecInterface, i32 0, void @empty_3, i32 0, i32 0, void @empty_1, i32 0, i32 0, void @empty_1, void @empty_1, void @empty_1, i32 0, i32 0, i32 0, i32 0, void @empty_1, void @empty_1"   --->   Operation 6 'specinterface' 'specinterface_ln0' <Predicate = true> <Delay = 0.00>
ST_1 : Operation 7 [1/1] (0.00ns)   --->   "%specinterface_ln0 = specinterface void @_ssdm_op_SpecInterface, i8 %in_data_V_data_V, i1 %in_data_V_keep_V, i1 %in_data_V_strb_V, i1 %in_data_V_user_V, i1 %in_data_V_last_V, i1 %in_data_V_id_V, i1 %in_data_V_dest_V, void @empty, i32 1, i32 1, void @empty_0, i32 0, i32 0, void @empty_1, void @empty_1, void @empty_1, i32 0, i32 0, i32 0, i32 0, void @empty_1, void @empty_1"   --->   Operation 7 'specinterface' 'specinterface_ln0' <Predicate = true> <Delay = 0.00>
ST_1 : Operation 8 [1/1] (0.00ns)   --->   "%specbitsmap_ln0 = specbitsmap void @_ssdm_op_SpecBitsMap, i8 %in_data_V_data_V"   --->   Operation 8 'specbitsmap' 'specbitsmap_ln0' <Predicate = true> <Delay = 0.00>
ST_1 : Operation 9 [1/1] (0.00ns)   --->   "%specbitsmap_ln0 = specbitsmap void @_ssdm_op_SpecBitsMap, i1 %in_data_V_keep_V"   --->   Operation 9 'specbitsmap' 'specbitsmap_ln0' <Predicate = true> <Delay = 0.00>
ST_1 : Operation 10 [1/1] (0.00ns)   --->   "%specbitsmap_ln0 = specbitsmap void @_ssdm_op_SpecBitsMap, i1 %in_data_V_strb_V"   --->   Operation 10 'specbitsmap' 'specbitsmap_ln0' <Predicate = true> <Delay = 0.00>
ST_1 : Operation 11 [1/1] (0.00ns)   --->   "%specbitsmap_ln0 = specbitsmap void @_ssdm_op_SpecBitsMap, i1 %in_data_V_user_V"   --->   Operation 11 'specbitsmap' 'specbitsmap_ln0' <Predicate = true> <Delay = 0.00>
ST_1 : Operation 12 [1/1] (0.00ns)   --->   "%specbitsmap_ln0 = specbitsmap void @_ssdm_op_SpecBitsMap, i1 %in_data_V_last_V"   --->   Operation 12 'specbitsmap' 'specbitsmap_ln0' <Predicate = true> <Delay = 0.00>
ST_1 : Operation 13 [1/1] (0.00ns)   --->   "%specbitsmap_ln0 = specbitsmap void @_ssdm_op_SpecBitsMap, i1 %in_data_V_id_V"   --->   Operation 13 'specbitsmap' 'specbitsmap_ln0' <Predicate = true> <Delay = 0.00>
ST_1 : Operation 14 [1/1] (0.00ns)   --->   "%specbitsmap_ln0 = specbitsmap void @_ssdm_op_SpecBitsMap, i1 %in_data_V_dest_V"   --->   Operation 14 'specbitsmap' 'specbitsmap_ln0' <Predicate = true> <Delay = 0.00>
ST_1 : Operation 15 [1/1] (0.00ns)   --->   "%specinterface_ln0 = specinterface void @_ssdm_op_SpecInterface, i24 %out_data_V_data_V, i3 %out_data_V_keep_V, i3 %out_data_V_strb_V, i1 %out_data_V_user_V, i1 %out_data_V_last_V, i1 %out_data_V_id_V, i1 %out_data_V_dest_V, void @empty, i32 1, i32 1, void @empty_0, i32 0, i32 0, void @empty_1, void @empty_1, void @empty_1, i32 0, i32 0, i32 0, i32 0, void @empty_1, void @empty_1"   --->   Operation 15 'specinterface' 'specinterface_ln0' <Predicate = true> <Delay = 0.00>
ST_1 : Operation 16 [1/1] (0.00ns)   --->   "%specbitsmap_ln0 = specbitsmap void @_ssdm_op_SpecBitsMap, i24 %out_data_V_data_V"   --->   Operation 16 'specbitsmap' 'specbitsmap_ln0' <Predicate = true> <Delay = 0.00>
ST_1 : Operation 17 [1/1] (0.00ns)   --->   "%specbitsmap_ln0 = specbitsmap void @_ssdm_op_SpecBitsMap, i3 %out_data_V_keep_V"   --->   Operation 17 'specbitsmap' 'specbitsmap_ln0' <Predicate = true> <Delay = 0.00>
ST_1 : Operation 18 [1/1] (0.00ns)   --->   "%specbitsmap_ln0 = specbitsmap void @_ssdm_op_SpecBitsMap, i3 %out_data_V_strb_V"   --->   Operation 18 'specbitsmap' 'specbitsmap_ln0' <Predicate = true> <Delay = 0.00>
ST_1 : Operation 19 [1/1] (0.00ns)   --->   "%specbitsmap_ln0 = specbitsmap void @_ssdm_op_SpecBitsMap, i1 %out_data_V_user_V"   --->   Operation 19 'specbitsmap' 'specbitsmap_ln0' <Predicate = true> <Delay = 0.00>
ST_1 : Operation 20 [1/1] (0.00ns)   --->   "%specbitsmap_ln0 = specbitsmap void @_ssdm_op_SpecBitsMap, i1 %out_data_V_last_V"   --->   Operation 20 'specbitsmap' 'specbitsmap_ln0' <Predicate = true> <Delay = 0.00>
ST_1 : Operation 21 [1/1] (0.00ns)   --->   "%specbitsmap_ln0 = specbitsmap void @_ssdm_op_SpecBitsMap, i1 %out_data_V_id_V"   --->   Operation 21 'specbitsmap' 'specbitsmap_ln0' <Predicate = true> <Delay = 0.00>
ST_1 : Operation 22 [1/1] (0.00ns)   --->   "%specbitsmap_ln0 = specbitsmap void @_ssdm_op_SpecBitsMap, i1 %out_data_V_dest_V"   --->   Operation 22 'specbitsmap' 'specbitsmap_ln0' <Predicate = true> <Delay = 0.00>
ST_1 : Operation 23 [1/1] (0.00ns)   --->   "%br_ln0 = br void"   --->   Operation 23 'br' 'br_ln0' <Predicate = true> <Delay = 0.00>

State 2 <SV = 1> <Delay = 0.00>
ST_2 : Operation 24 [1/1] (0.00ns)   --->   "%empty = read i14 @_ssdm_op_Read.axis.volatile.i8P0A.i1P0A.i1P0A.i1P0A.i1P0A.i1P0A.i1P0A, i8 %in_data_V_data_V, i1 %in_data_V_keep_V, i1 %in_data_V_strb_V, i1 %in_data_V_user_V, i1 %in_data_V_last_V, i1 %in_data_V_id_V, i1 %in_data_V_dest_V"   --->   Operation 24 'read' 'empty' <Predicate = true> <Delay = 0.00> <CoreInst = "axis">   --->   Core 115 'axis' <Latency = 0> <II = 1> <Delay = 1.00> <Adapter> <Opcode : >
ST_2 : Operation 25 [1/1] (0.00ns)   --->   "%gray_data_V = extractvalue i14 %empty"   --->   Operation 25 'extractvalue' 'gray_data_V' <Predicate = true> <Delay = 0.00>
ST_2 : Operation 26 [1/1] (0.00ns)   --->   "%gray_last_V = extractvalue i14 %empty"   --->   Operation 26 'extractvalue' 'gray_last_V' <Predicate = true> <Delay = 0.00>
ST_2 : Operation 27 [1/1] (0.00ns)   --->   "%rgb_data_V = bitconcatenate i24 @_ssdm_op_BitConcatenate.i24.i8.i8.i8, i8 %gray_data_V, i8 %gray_data_V, i8 %gray_data_V"   --->   Operation 27 'bitconcatenate' 'rgb_data_V' <Predicate = true> <Delay = 0.00>
ST_2 : Operation 28 [2/2] (0.00ns)   --->   "%write_ln304 = write void @_ssdm_op_Write.axis.volatile.i24P0A.i3P0A.i3P0A.i1P0A.i1P0A.i1P0A.i1P0A, i24 %out_data_V_data_V, i3 %out_data_V_keep_V, i3 %out_data_V_strb_V, i1 %out_data_V_user_V, i1 %out_data_V_last_V, i1 %out_data_V_id_V, i1 %out_data_V_dest_V, i24 %rgb_data_V, i3 7, i3 1, i1 0, i1 %gray_last_V, i1 0, i1 0"   --->   Operation 28 'write' 'write_ln304' <Predicate = true> <Delay = 0.00> <CoreInst = "axis">   --->   Core 115 'axis' <Latency = 0> <II = 1> <Delay = 1.00> <Adapter> <Opcode : >
ST_2 : Operation 29 [1/1] (0.00ns)   --->   "%br_ln13 = br i1 %gray_last_V, void, void" [GRAY2RGB/GRAY2RGB.cpp:13]   --->   Operation 29 'br' 'br_ln13' <Predicate = true> <Delay = 0.00>

State 3 <SV = 2> <Delay = 0.00>
ST_3 : Operation 30 [1/1] (0.00ns)   --->   "%specpipeline_ln0 = specpipeline void @_ssdm_op_SpecPipeline, i32 4294967295, i32 0, i32 1, i32 0, void @p_str"   --->   Operation 30 'specpipeline' 'specpipeline_ln0' <Predicate = true> <Delay = 0.00>
ST_3 : Operation 31 [1/1] (0.00ns)   --->   "%specloopname_ln0 = specloopname void @_ssdm_op_SpecLoopName, void @empty_4"   --->   Operation 31 'specloopname' 'specloopname_ln0' <Predicate = true> <Delay = 0.00>
ST_3 : Operation 32 [1/2] (0.00ns)   --->   "%write_ln304 = write void @_ssdm_op_Write.axis.volatile.i24P0A.i3P0A.i3P0A.i1P0A.i1P0A.i1P0A.i1P0A, i24 %out_data_V_data_V, i3 %out_data_V_keep_V, i3 %out_data_V_strb_V, i1 %out_data_V_user_V, i1 %out_data_V_last_V, i1 %out_data_V_id_V, i1 %out_data_V_dest_V, i24 %rgb_data_V, i3 7, i3 1, i1 0, i1 %gray_last_V, i1 0, i1 0"   --->   Operation 32 'write' 'write_ln304' <Predicate = true> <Delay = 0.00> <CoreInst = "axis">   --->   Core 115 'axis' <Latency = 0> <II = 1> <Delay = 1.00> <Adapter> <Opcode : >

State 4 <SV = 3> <Delay = 0.00>
ST_4 : Operation 33 [1/1] (0.00ns)   --->   "%ret_ln29 = ret" [GRAY2RGB/GRAY2RGB.cpp:29]   --->   Operation 33 'ret' 'ret_ln29' <Predicate = true> <Delay = 0.00>


============================================================
+ Verbose Summary: Binding
============================================================
STG Binding: 
---------------- STG Properties BEGIN ----------------
- Is combinational: 0
- Is one-state seq: 0
- Is datapath-only: 0
- Is pipelined: 0
- Is top level: 1
Port [ Return ] is wired: 1; IO mode=ap_ctrl_none:ce=0
Port [ in_data_V_data_V]:  wired=1; compound=1; hidden=0; nouse=0; global=0; static=0; extern=0; dir=0; type=0; pingpong=0; private_global=0; IO mode=axis:ce=0
Port [ in_data_V_keep_V]:  wired=1; compound=1; hidden=0; nouse=0; global=0; static=0; extern=0; dir=0; type=0; pingpong=0; private_global=0; IO mode=axis:ce=0
Port [ in_data_V_strb_V]:  wired=1; compound=1; hidden=0; nouse=0; global=0; static=0; extern=0; dir=0; type=0; pingpong=0; private_global=0; IO mode=axis:ce=0
Port [ in_data_V_user_V]:  wired=1; compound=1; hidden=0; nouse=0; global=0; static=0; extern=0; dir=0; type=0; pingpong=0; private_global=0; IO mode=axis:ce=0
Port [ in_data_V_last_V]:  wired=1; compound=1; hidden=0; nouse=0; global=0; static=0; extern=0; dir=0; type=0; pingpong=0; private_global=0; IO mode=axis:ce=0
Port [ in_data_V_id_V]:  wired=1; compound=1; hidden=0; nouse=0; global=0; static=0; extern=0; dir=0; type=0; pingpong=0; private_global=0; IO mode=axis:ce=0
Port [ in_data_V_dest_V]:  wired=1; compound=1; hidden=0; nouse=0; global=0; static=0; extern=0; dir=0; type=0; pingpong=0; private_global=0; IO mode=axis:ce=0
Port [ out_data_V_data_V]:  wired=1; compound=1; hidden=0; nouse=0; global=0; static=0; extern=0; dir=1; type=0; pingpong=0; private_global=0; IO mode=axis:ce=0
Port [ out_data_V_keep_V]:  wired=1; compound=1; hidden=0; nouse=0; global=0; static=0; extern=0; dir=1; type=0; pingpong=0; private_global=0; IO mode=axis:ce=0
Port [ out_data_V_strb_V]:  wired=1; compound=1; hidden=0; nouse=0; global=0; static=0; extern=0; dir=1; type=0; pingpong=0; private_global=0; IO mode=axis:ce=0
Port [ out_data_V_user_V]:  wired=1; compound=1; hidden=0; nouse=0; global=0; static=0; extern=0; dir=1; type=0; pingpong=0; private_global=0; IO mode=axis:ce=0
Port [ out_data_V_last_V]:  wired=1; compound=1; hidden=0; nouse=0; global=0; static=0; extern=0; dir=1; type=0; pingpong=0; private_global=0; IO mode=axis:ce=0
Port [ out_data_V_id_V]:  wired=1; compound=1; hidden=0; nouse=0; global=0; static=0; extern=0; dir=1; type=0; pingpong=0; private_global=0; IO mode=axis:ce=0
Port [ out_data_V_dest_V]:  wired=1; compound=1; hidden=0; nouse=0; global=0; static=0; extern=0; dir=1; type=0; pingpong=0; private_global=0; IO mode=axis:ce=0
---------------- STG Properties END ------------------

---------------- Datapath Model BEGIN ----------------

<LifeTime>
<method=bitvector/>
spectopmodule_ln0 (spectopmodule ) [ 00000]
specinterface_ln0 (specinterface ) [ 00000]
specinterface_ln0 (specinterface ) [ 00000]
specbitsmap_ln0   (specbitsmap   ) [ 00000]
specbitsmap_ln0   (specbitsmap   ) [ 00000]
specbitsmap_ln0   (specbitsmap   ) [ 00000]
specbitsmap_ln0   (specbitsmap   ) [ 00000]
specbitsmap_ln0   (specbitsmap   ) [ 00000]
specbitsmap_ln0   (specbitsmap   ) [ 00000]
specbitsmap_ln0   (specbitsmap   ) [ 00000]
specinterface_ln0 (specinterface ) [ 00000]
specbitsmap_ln0   (specbitsmap   ) [ 00000]
specbitsmap_ln0   (specbitsmap   ) [ 00000]
specbitsmap_ln0   (specbitsmap   ) [ 00000]
specbitsmap_ln0   (specbitsmap   ) [ 00000]
specbitsmap_ln0   (specbitsmap   ) [ 00000]
specbitsmap_ln0   (specbitsmap   ) [ 00000]
specbitsmap_ln0   (specbitsmap   ) [ 00000]
br_ln0            (br            ) [ 00000]
empty             (read          ) [ 00000]
gray_data_V       (extractvalue  ) [ 00000]
gray_last_V       (extractvalue  ) [ 00110]
rgb_data_V        (bitconcatenate) [ 00110]
br_ln13           (br            ) [ 00000]
specpipeline_ln0  (specpipeline  ) [ 00000]
specloopname_ln0  (specloopname  ) [ 00000]
write_ln304       (write         ) [ 00000]
ret_ln29          (ret           ) [ 00000]
</LifeTime>

<model>

<comp_list>
<comp id="0" class="1000" name="in_data_V_data_V">
<pin_list>
<pin id="1" dir="1" index="0" bw="1" slack="0"/>
</pin_list>
<bind>
<StgValue><ssdm name="in_data_V_data_V"/></StgValue>
</bind>
</comp>

<comp id="2" class="1000" name="in_data_V_keep_V">
<pin_list>
<pin id="3" dir="1" index="0" bw="1" slack="0"/>
</pin_list>
<bind>
<StgValue><ssdm name="in_data_V_keep_V"/></StgValue>
</bind>
</comp>

<comp id="4" class="1000" name="in_data_V_strb_V">
<pin_list>
<pin id="5" dir="1" index="0" bw="1" slack="0"/>
</pin_list>
<bind>
<StgValue><ssdm name="in_data_V_strb_V"/></StgValue>
</bind>
</comp>

<comp id="6" class="1000" name="in_data_V_user_V">
<pin_list>
<pin id="7" dir="1" index="0" bw="1" slack="0"/>
</pin_list>
<bind>
<StgValue><ssdm name="in_data_V_user_V"/></StgValue>
</bind>
</comp>

<comp id="8" class="1000" name="in_data_V_last_V">
<pin_list>
<pin id="9" dir="1" index="0" bw="1" slack="0"/>
</pin_list>
<bind>
<StgValue><ssdm name="in_data_V_last_V"/></StgValue>
</bind>
</comp>

<comp id="10" class="1000" name="in_data_V_id_V">
<pin_list>
<pin id="11" dir="1" index="0" bw="1" slack="0"/>
</pin_list>
<bind>
<StgValue><ssdm name="in_data_V_id_V"/></StgValue>
</bind>
</comp>

<comp id="12" class="1000" name="in_data_V_dest_V">
<pin_list>
<pin id="13" dir="1" index="0" bw="1" slack="0"/>
</pin_list>
<bind>
<StgValue><ssdm name="in_data_V_dest_V"/></StgValue>
</bind>
</comp>

<comp id="14" class="1000" name="out_data_V_data_V">
<pin_list>
<pin id="15" dir="1" index="0" bw="1" slack="0"/>
</pin_list>
<bind>
<StgValue><ssdm name="out_data_V_data_V"/></StgValue>
</bind>
</comp>

<comp id="16" class="1000" name="out_data_V_keep_V">
<pin_list>
<pin id="17" dir="1" index="0" bw="1" slack="0"/>
</pin_list>
<bind>
<StgValue><ssdm name="out_data_V_keep_V"/></StgValue>
</bind>
</comp>

<comp id="18" class="1000" name="out_data_V_strb_V">
<pin_list>
<pin id="19" dir="1" index="0" bw="1" slack="0"/>
</pin_list>
<bind>
<StgValue><ssdm name="out_data_V_strb_V"/></StgValue>
</bind>
</comp>

<comp id="20" class="1000" name="out_data_V_user_V">
<pin_list>
<pin id="21" dir="1" index="0" bw="1" slack="0"/>
</pin_list>
<bind>
<StgValue><ssdm name="out_data_V_user_V"/></StgValue>
</bind>
</comp>

<comp id="22" class="1000" name="out_data_V_last_V">
<pin_list>
<pin id="23" dir="1" index="0" bw="1" slack="0"/>
</pin_list>
<bind>
<StgValue><ssdm name="out_data_V_last_V"/></StgValue>
</bind>
</comp>

<comp id="24" class="1000" name="out_data_V_id_V">
<pin_list>
<pin id="25" dir="1" index="0" bw="1" slack="0"/>
</pin_list>
<bind>
<StgValue><ssdm name="out_data_V_id_V"/></StgValue>
</bind>
</comp>

<comp id="26" class="1000" name="out_data_V_dest_V">
<pin_list>
<pin id="27" dir="1" index="0" bw="1" slack="0"/>
</pin_list>
<bind>
<StgValue><ssdm name="out_data_V_dest_V"/></StgValue>
</bind>
</comp>

<comp id="28" class="1001" name="const_28">
<pin_list>
<pin id="29" dir="1" index="0" bw="1" slack="2147483647"/>
</pin_list>
<bind>
<StgValue><ssdm name="_ssdm_op_SpecTopModule"/></StgValue>
</bind>
</comp>

<comp id="30" class="1001" name="const_30">
<pin_list>
<pin id="31" dir="1" index="0" bw="1" slack="2147483647"/>
</pin_list>
<bind>
<StgValue><ssdm name="empty_2"/></StgValue>
</bind>
</comp>

<comp id="32" class="1001" name="const_32">
<pin_list>
<pin id="33" dir="1" index="0" bw="1" slack="2147483647"/>
</pin_list>
<bind>
<StgValue><ssdm name="_ssdm_op_SpecInterface"/></StgValue>
</bind>
</comp>

<comp id="34" class="1001" name="const_34">
<pin_list>
<pin id="35" dir="1" index="0" bw="1" slack="2147483647"/>
</pin_list>
<bind>
<StgValue><ssdm name=""/></StgValue>
</bind>
</comp>

<comp id="36" class="1001" name="const_36">
<pin_list>
<pin id="37" dir="1" index="0" bw="1" slack="2147483647"/>
</pin_list>
<bind>
<StgValue><ssdm name="empty_3"/></StgValue>
</bind>
</comp>

<comp id="38" class="1001" name="const_38">
<pin_list>
<pin id="39" dir="1" index="0" bw="1" slack="2147483647"/>
</pin_list>
<bind>
<StgValue><ssdm name="empty_1"/></StgValue>
</bind>
</comp>

<comp id="40" class="1001" name="const_40">
<pin_list>
<pin id="41" dir="1" index="0" bw="1" slack="2147483647"/>
</pin_list>
<bind>
<StgValue><ssdm name="empty"/></StgValue>
</bind>
</comp>

<comp id="42" class="1001" name="const_42">
<pin_list>
<pin id="43" dir="1" index="0" bw="1" slack="2147483647"/>
</pin_list>
<bind>
<StgValue><ssdm name=""/></StgValue>
</bind>
</comp>

<comp id="44" class="1001" name="const_44">
<pin_list>
<pin id="45" dir="1" index="0" bw="1" slack="2147483647"/>
</pin_list>
<bind>
<StgValue><ssdm name="empty_0"/></StgValue>
</bind>
</comp>

<comp id="46" class="1001" name="const_46">
<pin_list>
<pin id="47" dir="1" index="0" bw="1" slack="2147483647"/>
</pin_list>
<bind>
<StgValue><ssdm name="_ssdm_op_SpecBitsMap"/></StgValue>
</bind>
</comp>

<comp id="48" class="1001" name="const_48">
<pin_list>
<pin id="49" dir="1" index="0" bw="1" slack="0"/>
</pin_list>
<bind>
<StgValue><ssdm name="_ssdm_op_Read.axis.volatile.i8P0A.i1P0A.i1P0A.i1P0A.i1P0A.i1P0A.i1P0A"/></StgValue>
</bind>
</comp>

<comp id="50" class="1001" name="const_50">
<pin_list>
<pin id="51" dir="1" index="0" bw="1" slack="0"/>
</pin_list>
<bind>
<StgValue><ssdm name="_ssdm_op_BitConcatenate.i24.i8.i8.i8"/></StgValue>
</bind>
</comp>

<comp id="52" class="1001" name="const_52">
<pin_list>
<pin id="53" dir="1" index="0" bw="1" slack="0"/>
</pin_list>
<bind>
<StgValue><ssdm name="_ssdm_op_Write.axis.volatile.i24P0A.i3P0A.i3P0A.i1P0A.i1P0A.i1P0A.i1P0A"/></StgValue>
</bind>
</comp>

<comp id="54" class="1001" name="const_54">
<pin_list>
<pin id="55" dir="1" index="0" bw="1" slack="0"/>
</pin_list>
<bind>
<StgValue><ssdm name=""/></StgValue>
</bind>
</comp>

<comp id="56" class="1001" name="const_56">
<pin_list>
<pin id="57" dir="1" index="0" bw="1" slack="0"/>
</pin_list>
<bind>
<StgValue><ssdm name=""/></StgValue>
</bind>
</comp>

<comp id="58" class="1001" name="const_58">
<pin_list>
<pin id="59" dir="1" index="0" bw="1" slack="0"/>
</pin_list>
<bind>
<StgValue><ssdm name=""/></StgValue>
</bind>
</comp>

<comp id="60" class="1001" name="const_60">
<pin_list>
<pin id="61" dir="1" index="0" bw="1" slack="2147483647"/>
</pin_list>
<bind>
<StgValue><ssdm name="_ssdm_op_SpecPipeline"/></StgValue>
</bind>
</comp>

<comp id="62" class="1001" name="const_62">
<pin_list>
<pin id="63" dir="1" index="0" bw="1" slack="2147483647"/>
</pin_list>
<bind>
<StgValue><ssdm name=""/></StgValue>
</bind>
</comp>

<comp id="64" class="1001" name="const_64">
<pin_list>
<pin id="65" dir="1" index="0" bw="1" slack="2147483647"/>
</pin_list>
<bind>
<StgValue><ssdm name="p_str"/></StgValue>
</bind>
</comp>

<comp id="66" class="1001" name="const_66">
<pin_list>
<pin id="67" dir="1" index="0" bw="1" slack="2147483647"/>
</pin_list>
<bind>
<StgValue><ssdm name="_ssdm_op_SpecLoopName"/></StgValue>
</bind>
</comp>

<comp id="68" class="1001" name="const_68">
<pin_list>
<pin id="69" dir="1" index="0" bw="1" slack="2147483647"/>
</pin_list>
<bind>
<StgValue><ssdm name="empty_4"/></StgValue>
</bind>
</comp>

<comp id="70" class="1004" name="empty_read_fu_70">
<pin_list>
<pin id="71" dir="0" index="0" bw="14" slack="0"/>
<pin id="72" dir="0" index="1" bw="8" slack="0"/>
<pin id="73" dir="0" index="2" bw="1" slack="0"/>
<pin id="74" dir="0" index="3" bw="1" slack="0"/>
<pin id="75" dir="0" index="4" bw="1" slack="0"/>
<pin id="76" dir="0" index="5" bw="1" slack="0"/>
<pin id="77" dir="0" index="6" bw="1" slack="0"/>
<pin id="78" dir="0" index="7" bw="1" slack="0"/>
<pin id="79" dir="1" index="8" bw="14" slack="0"/>
</pin_list>
<bind>
<opcode="read(1150) " fcode="read"/>
<opset="empty/2 "/>
</bind>
</comp>

<comp id="88" class="1004" name="grp_write_fu_88">
<pin_list>
<pin id="89" dir="0" index="0" bw="0" slack="0"/>
<pin id="90" dir="0" index="1" bw="24" slack="0"/>
<pin id="91" dir="0" index="2" bw="3" slack="0"/>
<pin id="92" dir="0" index="3" bw="3" slack="0"/>
<pin id="93" dir="0" index="4" bw="1" slack="0"/>
<pin id="94" dir="0" index="5" bw="1" slack="0"/>
<pin id="95" dir="0" index="6" bw="1" slack="0"/>
<pin id="96" dir="0" index="7" bw="1" slack="0"/>
<pin id="97" dir="0" index="8" bw="24" slack="0"/>
<pin id="98" dir="0" index="9" bw="1" slack="0"/>
<pin id="99" dir="0" index="10" bw="1" slack="0"/>
<pin id="100" dir="0" index="11" bw="1" slack="0"/>
<pin id="101" dir="0" index="12" bw="1" slack="0"/>
<pin id="102" dir="0" index="13" bw="1" slack="0"/>
<pin id="103" dir="0" index="14" bw="1" slack="0"/>
<pin id="104" dir="1" index="15" bw="0" slack="2147483647"/>
</pin_list>
<bind>
<opcode="write(1151) " fcode="write"/>
<opset="write_ln304/2 "/>
</bind>
</comp>

<comp id="118" class="1004" name="gray_data_V_fu_118">
<pin_list>
<pin id="119" dir="0" index="0" bw="14" slack="0"/>
<pin id="120" dir="1" index="1" bw="8" slack="0"/>
</pin_list>
<bind>
<opcode="extractvalue(56) " fcode="extractvalue"/>
<opset="gray_data_V/2 "/>
</bind>
</comp>

<comp id="122" class="1004" name="gray_last_V_fu_122">
<pin_list>
<pin id="123" dir="0" index="0" bw="14" slack="0"/>
<pin id="124" dir="1" index="1" bw="1" slack="0"/>
</pin_list>
<bind>
<opcode="extractvalue(56) " fcode="extractvalue"/>
<opset="gray_last_V/2 "/>
</bind>
</comp>

<comp id="127" class="1004" name="rgb_data_V_fu_127">
<pin_list>
<pin id="128" dir="0" index="0" bw="24" slack="0"/>
<pin id="129" dir="0" index="1" bw="8" slack="0"/>
<pin id="130" dir="0" index="2" bw="8" slack="0"/>
<pin id="131" dir="0" index="3" bw="8" slack="0"/>
<pin id="132" dir="1" index="4" bw="24" slack="0"/>
</pin_list>
<bind>
<opcode="bitconcatenate(1004) " fcode="bitconcatenate"/>
<opset="rgb_data_V/2 "/>
</bind>
</comp>

<comp id="138" class="1005" name="gray_last_V_reg_138">
<pin_list>
<pin id="139" dir="0" index="0" bw="1" slack="1"/>
<pin id="140" dir="1" index="1" bw="1" slack="1"/>
</pin_list>
<bind>
<opset="gray_last_V "/>
</bind>
</comp>

<comp id="143" class="1005" name="rgb_data_V_reg_143">
<pin_list>
<pin id="144" dir="0" index="0" bw="24" slack="1"/>
<pin id="145" dir="1" index="1" bw="24" slack="1"/>
</pin_list>
<bind>
<opset="rgb_data_V "/>
</bind>
</comp>

</comp_list>

<net_list>
<net id="80"><net_src comp="48" pin="0"/><net_sink comp="70" pin=0"/></net>

<net id="81"><net_src comp="0" pin="0"/><net_sink comp="70" pin=1"/></net>

<net id="82"><net_src comp="2" pin="0"/><net_sink comp="70" pin=2"/></net>

<net id="83"><net_src comp="4" pin="0"/><net_sink comp="70" pin=3"/></net>

<net id="84"><net_src comp="6" pin="0"/><net_sink comp="70" pin=4"/></net>

<net id="85"><net_src comp="8" pin="0"/><net_sink comp="70" pin=5"/></net>

<net id="86"><net_src comp="10" pin="0"/><net_sink comp="70" pin=6"/></net>

<net id="87"><net_src comp="12" pin="0"/><net_sink comp="70" pin=7"/></net>

<net id="105"><net_src comp="52" pin="0"/><net_sink comp="88" pin=0"/></net>

<net id="106"><net_src comp="14" pin="0"/><net_sink comp="88" pin=1"/></net>

<net id="107"><net_src comp="16" pin="0"/><net_sink comp="88" pin=2"/></net>

<net id="108"><net_src comp="18" pin="0"/><net_sink comp="88" pin=3"/></net>

<net id="109"><net_src comp="20" pin="0"/><net_sink comp="88" pin=4"/></net>

<net id="110"><net_src comp="22" pin="0"/><net_sink comp="88" pin=5"/></net>

<net id="111"><net_src comp="24" pin="0"/><net_sink comp="88" pin=6"/></net>

<net id="112"><net_src comp="26" pin="0"/><net_sink comp="88" pin=7"/></net>

<net id="113"><net_src comp="54" pin="0"/><net_sink comp="88" pin=9"/></net>

<net id="114"><net_src comp="56" pin="0"/><net_sink comp="88" pin=10"/></net>

<net id="115"><net_src comp="58" pin="0"/><net_sink comp="88" pin=11"/></net>

<net id="116"><net_src comp="58" pin="0"/><net_sink comp="88" pin=13"/></net>

<net id="117"><net_src comp="58" pin="0"/><net_sink comp="88" pin=14"/></net>

<net id="121"><net_src comp="70" pin="8"/><net_sink comp="118" pin=0"/></net>

<net id="125"><net_src comp="70" pin="8"/><net_sink comp="122" pin=0"/></net>

<net id="126"><net_src comp="122" pin="1"/><net_sink comp="88" pin=12"/></net>

<net id="133"><net_src comp="50" pin="0"/><net_sink comp="127" pin=0"/></net>

<net id="134"><net_src comp="118" pin="1"/><net_sink comp="127" pin=1"/></net>

<net id="135"><net_src comp="118" pin="1"/><net_sink comp="127" pin=2"/></net>

<net id="136"><net_src comp="118" pin="1"/><net_sink comp="127" pin=3"/></net>

<net id="137"><net_src comp="127" pin="4"/><net_sink comp="88" pin=8"/></net>

<net id="141"><net_src comp="122" pin="1"/><net_sink comp="138" pin=0"/></net>

<net id="142"><net_src comp="138" pin="1"/><net_sink comp="88" pin=12"/></net>

<net id="146"><net_src comp="127" pin="4"/><net_sink comp="143" pin=0"/></net>

<net id="147"><net_src comp="143" pin="1"/><net_sink comp="88" pin=8"/></net>

</net_list>

</model> 
---------------- Datapath Model END ------------------

* FSMD analyzer results:
  - Output states:
	Port: out_data_V_data_V | {3 }
	Port: out_data_V_keep_V | {3 }
	Port: out_data_V_strb_V | {3 }
	Port: out_data_V_user_V | {3 }
	Port: out_data_V_last_V | {3 }
	Port: out_data_V_id_V | {3 }
	Port: out_data_V_dest_V | {3 }
 - Input state : 
	Port: GRAY2RGB : in_data_V_data_V | {2 }
	Port: GRAY2RGB : in_data_V_keep_V | {2 }
	Port: GRAY2RGB : in_data_V_strb_V | {2 }
	Port: GRAY2RGB : in_data_V_user_V | {2 }
	Port: GRAY2RGB : in_data_V_last_V | {2 }
	Port: GRAY2RGB : in_data_V_id_V | {2 }
	Port: GRAY2RGB : in_data_V_dest_V | {2 }
  - Chain level:
	State 1
	State 2
		rgb_data_V : 1
		write_ln304 : 2
		br_ln13 : 1
	State 3
	State 4


============================================================
+ Verbose Summary: Datapath Resource usage 
============================================================

* Functional unit list:
|----------|--------------------|
| Operation|   Functional Unit  |
|----------|--------------------|
|   read   |  empty_read_fu_70  |
|----------|--------------------|
|   write  |   grp_write_fu_88  |
|----------|--------------------|
|extractvalue| gray_data_V_fu_118 |
|          | gray_last_V_fu_122 |
|----------|--------------------|
|bitconcatenate|  rgb_data_V_fu_127 |
|----------|--------------------|
|   Total  |                    |
|----------|--------------------|

Memories:
N/A

* Register list:
+-------------------+--------+
|                   |   FF   |
+-------------------+--------+
|gray_last_V_reg_138|    1   |
| rgb_data_V_reg_143|   24   |
+-------------------+--------+
|       Total       |   25   |
+-------------------+--------+

* Multiplexer (MUX) list: 
|-----------------|------|------|------|--------||---------||---------|
|       Comp      |  Pin | Size |  BW  | S x BW ||  Delay  ||   LUT   |
|-----------------|------|------|------|--------||---------||---------|
| grp_write_fu_88 |  p8  |   2  |  24  |   48   ||    9    |
| grp_write_fu_88 |  p12 |   2  |   1  |    2   ||    9    |
|-----------------|------|------|------|--------||---------||---------|
|      Total      |      |      |      |   50   ||  3.176  ||    18   |
|-----------------|------|------|------|--------||---------||---------|



* Summary:
+-----------+--------+--------+--------+
|           |  Delay |   FF   |   LUT  |
+-----------+--------+--------+--------+
|  Function |    -   |    -   |    -   |
|   Memory  |    -   |    -   |    -   |
|Multiplexer|    3   |    -   |   18   |
|  Register |    -   |   25   |    -   |
+-----------+--------+--------+--------+
|   Total   |    3   |   25   |   18   |
+-----------+--------+--------+--------+
