

================================================================
== Vitis HLS Report for 'Loop_Border_proc'
================================================================
* Date:           Wed Feb 23 10:46:23 2022

* Version:        2020.2 (Build 3064766 on Wed Nov 18 09:12:45 MST 2020)
* Project:        Gaussian_Blur
* Solution:       solution1 (Vivado IP Flow Target)
* Product family: zynq
* Target device:  xc7z020-clg400-1


================================================================
== Performance Estimates
================================================================
+ Timing: 
    * Summary: 
    +--------+----------+----------+------------+
    |  Clock |  Target  | Estimated| Uncertainty|
    +--------+----------+----------+------------+
    |ap_clk  |  10.00 ns|  6.912 ns|     2.70 ns|
    +--------+----------+----------+------------+

+ Latency: 
    * Summary: 
    +---------+---------+----------+----------+-----+-----+---------+
    |  Latency (cycles) |  Latency (absolute) |  Interval | Pipeline|
    |   min   |   max   |    min   |    max   | min | max |   Type  |
    +---------+---------+----------+----------+-----+-----+---------+
    |        ?|        ?|         ?|         ?|    ?|    ?|     none|
    +---------+---------+----------+----------+-----+-----+---------+

    + Detail: 
        * Instance: 
        N/A

        * Loop: 
        +--------------------------+---------+---------+----------+-----------+-----------+------+----------+
        |                          |  Latency (cycles) | Iteration|  Initiation Interval  | Trip |          |
        |         Loop Name        |   min   |   max   |  Latency |  achieved |   target  | Count| Pipelined|
        +--------------------------+---------+---------+----------+-----------+-----------+------+----------+
        |- Border_VITIS_LOOP_87_1  |        ?|        ?|         5|          1|          1|     ?|       yes|
        +--------------------------+---------+---------+----------+-----------+-----------+------+----------+

============================================================
+ Verbose Summary: Synthesis Manager
============================================================
InlineROM: 1
ExposeGlobal: 0
============================================================
+ Verbose Summary: CDFG Model
============================================================
IsTopModel: 0
ResetActiveHigh: 1
IsCombinational: 2
IsDatapathOnly: 0
HasWiredReturn: 1
HasMFsm: 0
HasVarLatency: 1
IsPipeline: 0
IsRtlPipelined: 0
IsInstanceOverlapped: 0
IsDontTouch: 0
HasImplIP: 0
IsGatedGlobalClock: 0

+ Individual pipeline summary: 
  * Pipeline-0: initiation interval (II) = 1, depth = 5


============================================================
+ Verbose Summary: Schedule
============================================================
* Number of FSM states : 9
* Pipeline : 1
  Pipeline-0 : II = 1, D = 5, States = { 4 5 6 7 8 }
* Dataflow Pipeline: 0

* FSM state transitions: 
1 --> 2 
2 --> 3 
3 --> 4 
4 --> 9 5 
5 --> 6 
6 --> 7 
7 --> 8 
8 --> 4 
9 --> 

* FSM state operations: 

State 1 <SV = 0> <Delay = 3.63>
ST_1 : Operation 10 [1/1] (0.00ns)   --->   "%pix_in = alloca i32 1"   --->   Operation 10 'alloca' 'pix_in' <Predicate = true> <Delay = 0.00>
ST_1 : Operation 11 [1/1] (0.00ns)   --->   "%r_edge_pix = alloca i32 1"   --->   Operation 11 'alloca' 'r_edge_pix' <Predicate = true> <Delay = 0.00>
ST_1 : Operation 12 [1/1] (0.00ns)   --->   "%l_edge_pix = alloca i32 1"   --->   Operation 12 'alloca' 'l_edge_pix' <Predicate = true> <Delay = 0.00>
ST_1 : Operation 13 [1/1] (0.00ns)   --->   "%borderbuf_V = alloca i64 1" [Gaussian_Blur/blur.cpp:35]   --->   Operation 13 'alloca' 'borderbuf_V' <Predicate = true> <Delay = 0.00> <CoreInst = "RAM">   --->   Core 82 'RAM' <Latency = 1> <II = 1> <Delay = 3.25> <Storage> <Opcode : 'load' 'store'> <Ports = 2> <Width = 24> <Depth = 1906> <RAM>
ST_1 : Operation 14 [1/1] (3.63ns)   --->   "%h_read = read i32 @_ssdm_op_Read.ap_fifo.i32P0A, i32 %h" [Gaussian_Blur/blur.cpp:86]   --->   Operation 14 'read' 'h_read' <Predicate = true> <Delay = 3.63> <CoreInst = "FIFO_SRL">   --->   Core 81 'FIFO_SRL' <Latency = 0> <II = 1> <Delay = 3.63> <Storage> <Opcode : 'read' 'write' 'nbread' 'nbwrite'> <Ports = 0> <Width = 32> <Depth = 2> <FIFO>
ST_1 : Operation 15 [1/1] (3.63ns)   --->   "%w_read = read i32 @_ssdm_op_Read.ap_fifo.i32P0A, i32 %w" [Gaussian_Blur/blur.cpp:87]   --->   Operation 15 'read' 'w_read' <Predicate = true> <Delay = 3.63> <CoreInst = "FIFO_SRL">   --->   Core 81 'FIFO_SRL' <Latency = 0> <II = 1> <Delay = 3.63> <Storage> <Opcode : 'read' 'write' 'nbread' 'nbwrite'> <Ports = 0> <Width = 32> <Depth = 3> <FIFO>
ST_1 : Operation 16 [1/1] (3.63ns)   --->   "%vconv_xlim_loc_read = read i32 @_ssdm_op_Read.ap_fifo.i32P0A, i32 %vconv_xlim_loc"   --->   Operation 16 'read' 'vconv_xlim_loc_read' <Predicate = true> <Delay = 3.63> <CoreInst = "FIFO_SRL">   --->   Core 81 'FIFO_SRL' <Latency = 0> <II = 1> <Delay = 3.63> <Storage> <Opcode : 'read' 'write' 'nbread' 'nbwrite'> <Ports = 0> <Width = 32> <Depth = 2> <FIFO>

State 2 <SV = 1> <Delay = 6.91>
ST_2 : Operation 17 [1/1] (0.00ns)   --->   "%cast = zext i32 %h_read" [Gaussian_Blur/blur.cpp:86]   --->   Operation 17 'zext' 'cast' <Predicate = true> <Delay = 0.00>
ST_2 : Operation 18 [1/1] (0.00ns)   --->   "%cast1 = zext i32 %w_read" [Gaussian_Blur/blur.cpp:87]   --->   Operation 18 'zext' 'cast1' <Predicate = true> <Delay = 0.00>
ST_2 : Operation 19 [2/2] (6.91ns)   --->   "%bound = mul i64 %cast, i64 %cast1" [Gaussian_Blur/blur.cpp:86]   --->   Operation 19 'mul' 'bound' <Predicate = true> <Delay = 6.91> <CoreInst = "Multiplier">   --->   Core 3 'Multiplier' <Latency = 1> <II = 1> <Delay = 6.91> <FuncUnit> <Opcode : 'mul'> <InPorts = 2> <OutPorts = 1>

State 3 <SV = 2> <Delay = 6.91>
ST_3 : Operation 20 [1/1] (0.00ns)   --->   "%specinterface_ln0 = specinterface void @_ssdm_op_SpecInterface, i1 %out_data_V_dest_V, i1 %out_data_V_id_V, i1 %out_data_V_last_V, i1 %out_data_V_user_V, i3 %out_data_V_strb_V, i3 %out_data_V_keep_V, i24 %out_data_V_data_V, void @empty_1, i32 1, i32 1, void @empty_0, i32 0, i32 0, void @empty, void @empty, void @empty, i32 0, i32 0, i32 0, i32 0, void @empty, void @empty"   --->   Operation 20 'specinterface' 'specinterface_ln0' <Predicate = true> <Delay = 0.00>
ST_3 : Operation 21 [1/1] (0.00ns)   --->   "%specinterface_ln0 = specinterface void @_ssdm_op_SpecInterface, i1 %out_data_V_dest_V, i1 %out_data_V_id_V, i1 %out_data_V_last_V, i1 %out_data_V_user_V, i3 %out_data_V_strb_V, i3 %out_data_V_keep_V, i24 %out_data_V_data_V, void @empty_1, i32 1, i32 1, void @empty_0, i32 0, i32 0, void @empty, void @empty, void @empty, i32 0, i32 0, i32 0, i32 0, void @empty, void @empty"   --->   Operation 21 'specinterface' 'specinterface_ln0' <Predicate = true> <Delay = 0.00>
ST_3 : Operation 22 [1/1] (0.00ns)   --->   "%specinterface_ln0 = specinterface void @_ssdm_op_SpecInterface, i1 %out_data_V_dest_V, i1 %out_data_V_id_V, i1 %out_data_V_last_V, i1 %out_data_V_user_V, i3 %out_data_V_strb_V, i3 %out_data_V_keep_V, i24 %out_data_V_data_V, void @empty_1, i32 1, i32 1, void @empty_0, i32 0, i32 0, void @empty, void @empty, void @empty, i32 0, i32 0, i32 0, i32 0, void @empty, void @empty"   --->   Operation 22 'specinterface' 'specinterface_ln0' <Predicate = true> <Delay = 0.00>
ST_3 : Operation 23 [1/1] (0.00ns)   --->   "%specinterface_ln0 = specinterface void @_ssdm_op_SpecInterface, i1 %out_data_V_dest_V, i1 %out_data_V_id_V, i1 %out_data_V_last_V, i1 %out_data_V_user_V, i3 %out_data_V_strb_V, i3 %out_data_V_keep_V, i24 %out_data_V_data_V, void @empty_1, i32 1, i32 1, void @empty_0, i32 0, i32 0, void @empty, void @empty, void @empty, i32 0, i32 0, i32 0, i32 0, void @empty, void @empty"   --->   Operation 23 'specinterface' 'specinterface_ln0' <Predicate = true> <Delay = 0.00>
ST_3 : Operation 24 [1/1] (0.00ns)   --->   "%specinterface_ln0 = specinterface void @_ssdm_op_SpecInterface, i1 %out_data_V_dest_V, i1 %out_data_V_id_V, i1 %out_data_V_last_V, i1 %out_data_V_user_V, i3 %out_data_V_strb_V, i3 %out_data_V_keep_V, i24 %out_data_V_data_V, void @empty_1, i32 1, i32 1, void @empty_0, i32 0, i32 0, void @empty, void @empty, void @empty, i32 0, i32 0, i32 0, i32 0, void @empty, void @empty"   --->   Operation 24 'specinterface' 'specinterface_ln0' <Predicate = true> <Delay = 0.00>
ST_3 : Operation 25 [1/1] (0.00ns)   --->   "%specinterface_ln0 = specinterface void @_ssdm_op_SpecInterface, i1 %out_data_V_dest_V, i1 %out_data_V_id_V, i1 %out_data_V_last_V, i1 %out_data_V_user_V, i3 %out_data_V_strb_V, i3 %out_data_V_keep_V, i24 %out_data_V_data_V, void @empty_1, i32 1, i32 1, void @empty_0, i32 0, i32 0, void @empty, void @empty, void @empty, i32 0, i32 0, i32 0, i32 0, void @empty, void @empty"   --->   Operation 25 'specinterface' 'specinterface_ln0' <Predicate = true> <Delay = 0.00>
ST_3 : Operation 26 [1/1] (0.00ns)   --->   "%specinterface_ln0 = specinterface void @_ssdm_op_SpecInterface, i1 %out_data_V_dest_V, i1 %out_data_V_id_V, i1 %out_data_V_last_V, i1 %out_data_V_user_V, i3 %out_data_V_strb_V, i3 %out_data_V_keep_V, i24 %out_data_V_data_V, void @empty_1, i32 1, i32 1, void @empty_0, i32 0, i32 0, void @empty, void @empty, void @empty, i32 0, i32 0, i32 0, i32 0, void @empty, void @empty"   --->   Operation 26 'specinterface' 'specinterface_ln0' <Predicate = true> <Delay = 0.00>
ST_3 : Operation 27 [1/1] (0.00ns)   --->   "%specinterface_ln0 = specinterface void @_ssdm_op_SpecInterface, i24 %vconv, void @empty_6, i32 0, i32 0, void @empty, i32 0, i32 0, void @empty, void @empty, void @empty, i32 0, i32 0, i32 0, i32 0, void @empty, void @empty"   --->   Operation 27 'specinterface' 'specinterface_ln0' <Predicate = true> <Delay = 0.00>
ST_3 : Operation 28 [1/1] (0.00ns)   --->   "%specinterface_ln0 = specinterface void @_ssdm_op_SpecInterface, i32 %w, void @ap_fifo_str, i32 0, i32 0, void @p_str, i32 0, i32 0, void @p_str, void @p_str, void @p_str, i32 2, i32 2, i32 16, i32 16, void @p_str, void @ScalarProp_str"   --->   Operation 28 'specinterface' 'specinterface_ln0' <Predicate = true> <Delay = 0.00>
ST_3 : Operation 29 [1/1] (0.00ns)   --->   "%specinterface_ln0 = specinterface void @_ssdm_op_SpecInterface, i32 %h, void @ap_fifo_str, i32 0, i32 0, void @p_str, i32 0, i32 0, void @p_str, void @p_str, void @p_str, i32 2, i32 2, i32 16, i32 16, void @p_str, void @ScalarProp_str"   --->   Operation 29 'specinterface' 'specinterface_ln0' <Predicate = true> <Delay = 0.00>
ST_3 : Operation 30 [1/1] (0.00ns)   --->   "%specinterface_ln0 = specinterface void @_ssdm_op_SpecInterface, i32 %vconv_xlim_loc, void @ap_fifo_str, i32 0, i32 0, void @p_str, i32 0, i32 0, void @p_str, void @p_str, void @p_str, i32 2, i32 2, i32 16, i32 16, void @p_str, void @ScalarProp_str"   --->   Operation 30 'specinterface' 'specinterface_ln0' <Predicate = true> <Delay = 0.00>
ST_3 : Operation 31 [1/1] (0.00ns)   --->   "%specinterface_ln0 = specinterface void @_ssdm_op_SpecInterface, i24 %vconv, void @empty_6, i32 0, i32 0, void @empty, i32 0, i32 0, void @empty, void @empty, void @empty, i32 0, i32 0, i32 0, i32 0, void @empty, void @empty"   --->   Operation 31 'specinterface' 'specinterface_ln0' <Predicate = true> <Delay = 0.00>
ST_3 : Operation 32 [1/1] (0.00ns)   --->   "%specinterface_ln0 = specinterface void @_ssdm_op_SpecInterface, i1 %out_data_V_dest_V, i1 %out_data_V_id_V, i1 %out_data_V_last_V, i1 %out_data_V_user_V, i3 %out_data_V_strb_V, i3 %out_data_V_keep_V, i24 %out_data_V_data_V, void @empty_1, i32 1, i32 1, void @empty_0, i32 0, i32 0, void @empty, void @empty, void @empty, i32 0, i32 0, i32 0, i32 0, void @empty, void @empty"   --->   Operation 32 'specinterface' 'specinterface_ln0' <Predicate = true> <Delay = 0.00>
ST_3 : Operation 33 [1/1] (2.55ns)   --->   "%sub114_i_i_i = add i32 %h_read, i32 4294967295" [Gaussian_Blur/blur.cpp:86]   --->   Operation 33 'add' 'sub114_i_i_i' <Predicate = true> <Delay = 2.55> <CoreInst = "Adder">   --->   Core 1 'Adder' <Latency = 0> <II = 1> <Delay = 2.55> <FuncUnit> <Opcode : 'add' 'sub'> <InPorts = 2> <OutPorts = 1>
ST_3 : Operation 34 [1/1] (2.55ns)   --->   "%sub105_i_i_i = add i32 %w_read, i32 4294967288" [Gaussian_Blur/blur.cpp:87]   --->   Operation 34 'add' 'sub105_i_i_i' <Predicate = true> <Delay = 2.55> <CoreInst = "Adder">   --->   Core 1 'Adder' <Latency = 0> <II = 1> <Delay = 2.55> <FuncUnit> <Opcode : 'add' 'sub'> <InPorts = 2> <OutPorts = 1>
ST_3 : Operation 35 [1/1] (0.00ns)   --->   "%sext_ln86 = sext i32 %sub105_i_i_i" [Gaussian_Blur/blur.cpp:86]   --->   Operation 35 'sext' 'sext_ln86' <Predicate = true> <Delay = 0.00>
ST_3 : Operation 36 [1/1] (2.55ns)   --->   "%sub94_i_i_i = add i32 %h_read, i32 4294967289" [Gaussian_Blur/blur.cpp:86]   --->   Operation 36 'add' 'sub94_i_i_i' <Predicate = true> <Delay = 2.55> <CoreInst = "Adder">   --->   Core 1 'Adder' <Latency = 0> <II = 1> <Delay = 2.55> <FuncUnit> <Opcode : 'add' 'sub'> <InPorts = 2> <OutPorts = 1>
ST_3 : Operation 37 [1/1] (2.55ns)   --->   "%sub101_i_i_i = add i32 %w_read, i32 4294967281" [Gaussian_Blur/blur.cpp:87]   --->   Operation 37 'add' 'sub101_i_i_i' <Predicate = true> <Delay = 2.55> <CoreInst = "Adder">   --->   Core 1 'Adder' <Latency = 0> <II = 1> <Delay = 2.55> <FuncUnit> <Opcode : 'add' 'sub'> <InPorts = 2> <OutPorts = 1>
ST_3 : Operation 38 [1/1] (2.55ns)   --->   "%sub116_i_i_i = add i32 %w_read, i32 4294967295" [Gaussian_Blur/blur.cpp:87]   --->   Operation 38 'add' 'sub116_i_i_i' <Predicate = true> <Delay = 2.55> <CoreInst = "Adder">   --->   Core 1 'Adder' <Latency = 0> <II = 1> <Delay = 2.55> <FuncUnit> <Opcode : 'add' 'sub'> <InPorts = 2> <OutPorts = 1>
ST_3 : Operation 39 [1/1] (0.00ns)   --->   "%sext_ln86_1 = sext i32 %vconv_xlim_loc_read" [Gaussian_Blur/blur.cpp:86]   --->   Operation 39 'sext' 'sext_ln86_1' <Predicate = true> <Delay = 0.00>
ST_3 : Operation 40 [1/2] (6.91ns)   --->   "%bound = mul i64 %cast, i64 %cast1" [Gaussian_Blur/blur.cpp:86]   --->   Operation 40 'mul' 'bound' <Predicate = true> <Delay = 6.91> <CoreInst = "Multiplier">   --->   Core 3 'Multiplier' <Latency = 1> <II = 1> <Delay = 6.91> <FuncUnit> <Opcode : 'mul'> <InPorts = 2> <OutPorts = 1>
ST_3 : Operation 41 [1/1] (1.58ns)   --->   "%br_ln86 = br void" [Gaussian_Blur/blur.cpp:86]   --->   Operation 41 'br' 'br_ln86' <Predicate = true> <Delay = 1.58>

State 4 <SV = 3> <Delay = 6.62>
ST_4 : Operation 42 [1/1] (0.00ns)   --->   "%indvar_flatten = phi i64 0, void %entry, i64 %add_ln88, void %.split2._crit_edge.i.i_ifconv" [Gaussian_Blur/blur.cpp:88]   --->   Operation 42 'phi' 'indvar_flatten' <Predicate = true> <Delay = 0.00>
ST_4 : Operation 43 [1/1] (0.00ns)   --->   "%i = phi i11 0, void %entry, i11 %select_ln88_3, void %.split2._crit_edge.i.i_ifconv" [Gaussian_Blur/blur.cpp:88]   --->   Operation 43 'phi' 'i' <Predicate = true> <Delay = 0.00>
ST_4 : Operation 44 [1/1] (0.00ns)   --->   "%j = phi i32 0, void %entry, i32 %add_ln87, void %.split2._crit_edge.i.i_ifconv" [Gaussian_Blur/blur.cpp:87]   --->   Operation 44 'phi' 'j' <Predicate = true> <Delay = 0.00>
ST_4 : Operation 45 [1/1] (3.52ns)   --->   "%add_ln88 = add i64 %indvar_flatten, i64 1" [Gaussian_Blur/blur.cpp:88]   --->   Operation 45 'add' 'add_ln88' <Predicate = true> <Delay = 3.52> <CoreInst = "Adder">   --->   Core 1 'Adder' <Latency = 0> <II = 1> <Delay = 2.55> <FuncUnit> <Opcode : 'add' 'sub'> <InPorts = 2> <OutPorts = 1>
ST_4 : Operation 46 [1/1] (0.00ns)   --->   "%zext_ln88_1 = zext i11 %i" [Gaussian_Blur/blur.cpp:88]   --->   Operation 46 'zext' 'zext_ln88_1' <Predicate = true> <Delay = 0.00>
ST_4 : Operation 47 [1/1] (1.88ns)   --->   "%cmp92_i_i_i = icmp_eq  i11 %i, i11 0" [Gaussian_Blur/blur.cpp:88]   --->   Operation 47 'icmp' 'cmp92_i_i_i' <Predicate = true> <Delay = 1.88> <CoreInst = "Cmp">   --->   Core 9 'Cmp' <Latency = 0> <II = 1> <Delay = 2.47> <FuncUnit> <Opcode : 'icmp'> <InPorts = 2> <OutPorts = 1>
ST_4 : Operation 48 [1/1] (2.47ns)   --->   "%cmp115_i_i_i = icmp_eq  i32 %zext_ln88_1, i32 %sub114_i_i_i" [Gaussian_Blur/blur.cpp:88]   --->   Operation 48 'icmp' 'cmp115_i_i_i' <Predicate = true> <Delay = 2.47> <CoreInst = "Cmp">   --->   Core 9 'Cmp' <Latency = 0> <II = 1> <Delay = 2.47> <FuncUnit> <Opcode : 'icmp'> <InPorts = 2> <OutPorts = 1>
ST_4 : Operation 49 [1/1] (0.00ns)   --->   "%tmp = partselect i8 @_ssdm_op_PartSelect.i8.i11.i32.i32, i11 %i, i32 3, i32 10" [Gaussian_Blur/blur.cpp:88]   --->   Operation 49 'partselect' 'tmp' <Predicate = true> <Delay = 0.00>
ST_4 : Operation 50 [1/1] (1.55ns)   --->   "%icmp20 = icmp_ne  i8 %tmp, i8 0" [Gaussian_Blur/blur.cpp:88]   --->   Operation 50 'icmp' 'icmp20' <Predicate = true> <Delay = 1.55> <CoreInst = "Cmp">   --->   Core 9 'Cmp' <Latency = 0> <II = 1> <Delay = 2.47> <FuncUnit> <Opcode : 'icmp'> <InPorts = 2> <OutPorts = 1>
ST_4 : Operation 51 [1/1] (2.47ns)   --->   "%notrhs_i_i = icmp_slt  i32 %zext_ln88_1, i32 %sub94_i_i_i" [Gaussian_Blur/blur.cpp:88]   --->   Operation 51 'icmp' 'notrhs_i_i' <Predicate = true> <Delay = 2.47> <CoreInst = "Cmp">   --->   Core 9 'Cmp' <Latency = 0> <II = 1> <Delay = 2.47> <FuncUnit> <Opcode : 'icmp'> <InPorts = 2> <OutPorts = 1>
ST_4 : Operation 52 [1/1] (0.00ns) (grouped into LUT with out node brmerge653_i_i)   --->   "%brmerge_not_i_i = and i1 %notrhs_i_i, i1 %icmp20" [Gaussian_Blur/blur.cpp:88]   --->   Operation 52 'and' 'brmerge_not_i_i' <Predicate = true> <Delay = 0.00> <CoreInst = "LogicGate">   --->   Core 74 'LogicGate' <Latency = 0> <II = 1> <Delay = 0.97> <FuncUnit> <Opcode : 'and' 'or' 'xor'> <InPorts = 2> <OutPorts = 1>
ST_4 : Operation 53 [1/1] (0.97ns) (out node of the LUT)   --->   "%brmerge653_i_i = or i1 %cmp92_i_i_i, i1 %brmerge_not_i_i" [Gaussian_Blur/blur.cpp:88]   --->   Operation 53 'or' 'brmerge653_i_i' <Predicate = true> <Delay = 0.97> <CoreInst = "LogicGate">   --->   Core 74 'LogicGate' <Latency = 0> <II = 1> <Delay = 0.97> <FuncUnit> <Opcode : 'and' 'or' 'xor'> <InPorts = 2> <OutPorts = 1>
ST_4 : Operation 54 [1/1] (2.77ns)   --->   "%icmp_ln88 = icmp_eq  i64 %indvar_flatten, i64 %bound" [Gaussian_Blur/blur.cpp:88]   --->   Operation 54 'icmp' 'icmp_ln88' <Predicate = true> <Delay = 2.77> <CoreInst = "Cmp">   --->   Core 9 'Cmp' <Latency = 0> <II = 1> <Delay = 2.47> <FuncUnit> <Opcode : 'icmp'> <InPorts = 2> <OutPorts = 1>
ST_4 : Operation 55 [1/1] (0.00ns)   --->   "%br_ln88 = br i1 %icmp_ln88, void %._crit_edge.loopexit.i.i, void %.exit" [Gaussian_Blur/blur.cpp:88]   --->   Operation 55 'br' 'br_ln88' <Predicate = true> <Delay = 0.00>
ST_4 : Operation 56 [1/1] (1.63ns)   --->   "%add_ln86 = add i11 %i, i11 1" [Gaussian_Blur/blur.cpp:86]   --->   Operation 56 'add' 'add_ln86' <Predicate = (!icmp_ln88)> <Delay = 1.63> <CoreInst = "Adder">   --->   Core 1 'Adder' <Latency = 0> <II = 1> <Delay = 2.55> <FuncUnit> <Opcode : 'add' 'sub'> <InPorts = 2> <OutPorts = 1>
ST_4 : Operation 57 [1/1] (0.00ns)   --->   "%zext_ln88 = zext i11 %add_ln86" [Gaussian_Blur/blur.cpp:88]   --->   Operation 57 'zext' 'zext_ln88' <Predicate = (!icmp_ln88)> <Delay = 0.00>
ST_4 : Operation 58 [1/1] (2.47ns)   --->   "%icmp_ln87 = icmp_eq  i32 %j, i32 %w_read" [Gaussian_Blur/blur.cpp:87]   --->   Operation 58 'icmp' 'icmp_ln87' <Predicate = (!icmp_ln88)> <Delay = 2.47> <CoreInst = "Cmp">   --->   Core 9 'Cmp' <Latency = 0> <II = 1> <Delay = 2.47> <FuncUnit> <Opcode : 'icmp'> <InPorts = 2> <OutPorts = 1>
ST_4 : Operation 59 [1/1] (0.69ns)   --->   "%select_ln88 = select i1 %icmp_ln87, i32 0, i32 %j" [Gaussian_Blur/blur.cpp:88]   --->   Operation 59 'select' 'select_ln88' <Predicate = (!icmp_ln88)> <Delay = 0.69> <CoreInst = "Sel">   --->   Core 73 'Sel' <Latency = 0> <II = 1> <Delay = 0.69> <FuncUnit> <Opcode : 'select'> <InPorts = 3> <OutPorts = 1>
ST_4 : Operation 60 [1/1] (1.88ns)   --->   "%cmp92_i_i_i_mid1 = icmp_eq  i11 %add_ln86, i11 0" [Gaussian_Blur/blur.cpp:86]   --->   Operation 60 'icmp' 'cmp92_i_i_i_mid1' <Predicate = (!icmp_ln88)> <Delay = 1.88> <CoreInst = "Cmp">   --->   Core 9 'Cmp' <Latency = 0> <II = 1> <Delay = 2.47> <FuncUnit> <Opcode : 'icmp'> <InPorts = 2> <OutPorts = 1>
ST_4 : Operation 61 [1/1] (2.47ns)   --->   "%cmp115_i_i_i_mid1 = icmp_eq  i32 %zext_ln88, i32 %sub114_i_i_i" [Gaussian_Blur/blur.cpp:88]   --->   Operation 61 'icmp' 'cmp115_i_i_i_mid1' <Predicate = (!icmp_ln88)> <Delay = 2.47> <CoreInst = "Cmp">   --->   Core 9 'Cmp' <Latency = 0> <II = 1> <Delay = 2.47> <FuncUnit> <Opcode : 'icmp'> <InPorts = 2> <OutPorts = 1>
ST_4 : Operation 62 [1/1] (0.99ns)   --->   "%select_ln88_1 = select i1 %icmp_ln87, i1 %cmp115_i_i_i_mid1, i1 %cmp115_i_i_i" [Gaussian_Blur/blur.cpp:88]   --->   Operation 62 'select' 'select_ln88_1' <Predicate = (!icmp_ln88)> <Delay = 0.99> <CoreInst = "Sel">   --->   Core 73 'Sel' <Latency = 0> <II = 1> <Delay = 0.69> <FuncUnit> <Opcode : 'select'> <InPorts = 3> <OutPorts = 1>
ST_4 : Operation 63 [1/1] (0.00ns)   --->   "%tmp_1 = partselect i8 @_ssdm_op_PartSelect.i8.i11.i32.i32, i11 %add_ln86, i32 3, i32 10" [Gaussian_Blur/blur.cpp:86]   --->   Operation 63 'partselect' 'tmp_1' <Predicate = (!icmp_ln88)> <Delay = 0.00>
ST_4 : Operation 64 [1/1] (1.55ns)   --->   "%icmp = icmp_ne  i8 %tmp_1, i8 0" [Gaussian_Blur/blur.cpp:86]   --->   Operation 64 'icmp' 'icmp' <Predicate = (!icmp_ln88)> <Delay = 1.55> <CoreInst = "Cmp">   --->   Core 9 'Cmp' <Latency = 0> <II = 1> <Delay = 2.47> <FuncUnit> <Opcode : 'icmp'> <InPorts = 2> <OutPorts = 1>
ST_4 : Operation 65 [1/1] (2.47ns)   --->   "%notrhs_i_i_mid1 = icmp_slt  i32 %zext_ln88, i32 %sub94_i_i_i" [Gaussian_Blur/blur.cpp:88]   --->   Operation 65 'icmp' 'notrhs_i_i_mid1' <Predicate = (!icmp_ln88)> <Delay = 2.47> <CoreInst = "Cmp">   --->   Core 9 'Cmp' <Latency = 0> <II = 1> <Delay = 2.47> <FuncUnit> <Opcode : 'icmp'> <InPorts = 2> <OutPorts = 1>
ST_4 : Operation 66 [1/1] (0.00ns) (grouped into LUT with out node select_ln88_2)   --->   "%brmerge_not_i_i_mid1 = and i1 %notrhs_i_i_mid1, i1 %icmp" [Gaussian_Blur/blur.cpp:88]   --->   Operation 66 'and' 'brmerge_not_i_i_mid1' <Predicate = (!icmp_ln88)> <Delay = 0.00> <CoreInst = "LogicGate">   --->   Core 74 'LogicGate' <Latency = 0> <II = 1> <Delay = 0.97> <FuncUnit> <Opcode : 'and' 'or' 'xor'> <InPorts = 2> <OutPorts = 1>
ST_4 : Operation 67 [1/1] (0.00ns) (grouped into LUT with out node select_ln88_2)   --->   "%brmerge653_i_i_mid1 = or i1 %cmp92_i_i_i_mid1, i1 %brmerge_not_i_i_mid1" [Gaussian_Blur/blur.cpp:86]   --->   Operation 67 'or' 'brmerge653_i_i_mid1' <Predicate = (!icmp_ln88)> <Delay = 0.00> <CoreInst = "LogicGate">   --->   Core 74 'LogicGate' <Latency = 0> <II = 1> <Delay = 0.97> <FuncUnit> <Opcode : 'and' 'or' 'xor'> <InPorts = 2> <OutPorts = 1>
ST_4 : Operation 68 [1/1] (0.99ns) (out node of the LUT)   --->   "%select_ln88_2 = select i1 %icmp_ln87, i1 %brmerge653_i_i_mid1, i1 %brmerge653_i_i" [Gaussian_Blur/blur.cpp:88]   --->   Operation 68 'select' 'select_ln88_2' <Predicate = (!icmp_ln88)> <Delay = 0.99> <CoreInst = "Sel">   --->   Core 73 'Sel' <Latency = 0> <II = 1> <Delay = 0.69> <FuncUnit> <Opcode : 'select'> <InPorts = 3> <OutPorts = 1>
ST_4 : Operation 69 [1/1] (0.69ns)   --->   "%select_ln88_3 = select i1 %icmp_ln87, i11 %add_ln86, i11 %i" [Gaussian_Blur/blur.cpp:88]   --->   Operation 69 'select' 'select_ln88_3' <Predicate = (!icmp_ln88)> <Delay = 0.69> <CoreInst = "Sel">   --->   Core 73 'Sel' <Latency = 0> <II = 1> <Delay = 0.69> <FuncUnit> <Opcode : 'select'> <InPorts = 3> <OutPorts = 1>
ST_4 : Operation 70 [1/1] (0.00ns)   --->   "%zext_ln87 = zext i32 %select_ln88" [Gaussian_Blur/blur.cpp:87]   --->   Operation 70 'zext' 'zext_ln87' <Predicate = (!icmp_ln88)> <Delay = 0.00>
ST_4 : Operation 71 [1/1] (0.00ns)   --->   "%trunc_ln87 = trunc i32 %select_ln88" [Gaussian_Blur/blur.cpp:87]   --->   Operation 71 'trunc' 'trunc_ln87' <Predicate = (!icmp_ln88)> <Delay = 0.00>
ST_4 : Operation 72 [1/1] (0.00ns)   --->   "%br_ln90 = br i1 %select_ln88_2, void %.split2._crit_edge.i.i_ifconv, void" [Gaussian_Blur/blur.cpp:90]   --->   Operation 72 'br' 'br_ln90' <Predicate = (!icmp_ln88)> <Delay = 0.00>
ST_4 : Operation 73 [1/1] (2.47ns)   --->   "%icmp_ln93 = icmp_slt  i33 %zext_ln87, i33 %sext_ln86_1" [Gaussian_Blur/blur.cpp:93]   --->   Operation 73 'icmp' 'icmp_ln93' <Predicate = (!icmp_ln88 & select_ln88_2)> <Delay = 2.47> <CoreInst = "Cmp">   --->   Core 9 'Cmp' <Latency = 0> <II = 1> <Delay = 2.47> <FuncUnit> <Opcode : 'icmp'> <InPorts = 2> <OutPorts = 1>
ST_4 : Operation 74 [1/1] (0.00ns)   --->   "%br_ln93 = br i1 %icmp_ln93, void %._crit_edge5.i.i, void" [Gaussian_Blur/blur.cpp:93]   --->   Operation 74 'br' 'br_ln93' <Predicate = (!icmp_ln88 & select_ln88_2)> <Delay = 0.00>
ST_4 : Operation 75 [1/1] (2.47ns)   --->   "%icmp_ln99 = icmp_eq  i32 %select_ln88, i32 %sub101_i_i_i" [Gaussian_Blur/blur.cpp:99]   --->   Operation 75 'icmp' 'icmp_ln99' <Predicate = (!icmp_ln88 & select_ln88_2)> <Delay = 2.47> <CoreInst = "Cmp">   --->   Core 9 'Cmp' <Latency = 0> <II = 1> <Delay = 2.47> <FuncUnit> <Opcode : 'icmp'> <InPorts = 2> <OutPorts = 1>
ST_4 : Operation 76 [1/1] (2.47ns)   --->   "%icmp_ln104 = icmp_slt  i33 %zext_ln87, i33 %sext_ln86" [Gaussian_Blur/blur.cpp:104]   --->   Operation 76 'icmp' 'icmp_ln104' <Predicate = (!icmp_ln88)> <Delay = 2.47> <CoreInst = "Cmp">   --->   Core 9 'Cmp' <Latency = 0> <II = 1> <Delay = 2.47> <FuncUnit> <Opcode : 'icmp'> <InPorts = 2> <OutPorts = 1>
ST_4 : Operation 77 [1/1] (2.47ns)   --->   "%icmp_ln112 = icmp_eq  i32 %select_ln88, i32 %sub116_i_i_i" [Gaussian_Blur/blur.cpp:112]   --->   Operation 77 'icmp' 'icmp_ln112' <Predicate = (!icmp_ln88)> <Delay = 2.47> <CoreInst = "Cmp">   --->   Core 9 'Cmp' <Latency = 0> <II = 1> <Delay = 2.47> <FuncUnit> <Opcode : 'icmp'> <InPorts = 2> <OutPorts = 1>
ST_4 : Operation 78 [1/1] (0.97ns)   --->   "%output_last_V = and i1 %select_ln88_1, i1 %icmp_ln112" [Gaussian_Blur/blur.cpp:112]   --->   Operation 78 'and' 'output_last_V' <Predicate = (!icmp_ln88)> <Delay = 0.97> <CoreInst = "LogicGate">   --->   Core 74 'LogicGate' <Latency = 0> <II = 1> <Delay = 0.97> <FuncUnit> <Opcode : 'and' 'or' 'xor'> <InPorts = 2> <OutPorts = 1>
ST_4 : Operation 79 [1/1] (2.55ns)   --->   "%add_ln87 = add i32 %select_ln88, i32 1" [Gaussian_Blur/blur.cpp:87]   --->   Operation 79 'add' 'add_ln87' <Predicate = (!icmp_ln88)> <Delay = 2.55> <CoreInst = "Adder">   --->   Core 1 'Adder' <Latency = 0> <II = 1> <Delay = 2.55> <FuncUnit> <Opcode : 'add' 'sub'> <InPorts = 2> <OutPorts = 1>

State 5 <SV = 4> <Delay = 6.88>
ST_5 : Operation 80 [1/1] (0.00ns)   --->   "%specloopname_ln0 = specloopname void @_ssdm_op_SpecLoopName, void @Border_VITIS_LOOP_87_1_str"   --->   Operation 80 'specloopname' 'specloopname_ln0' <Predicate = (!icmp_ln88)> <Delay = 0.00>
ST_5 : Operation 81 [1/1] (0.00ns)   --->   "%zext_ln87_1 = zext i32 %select_ln88" [Gaussian_Blur/blur.cpp:87]   --->   Operation 81 'zext' 'zext_ln87_1' <Predicate = (!icmp_ln88)> <Delay = 0.00>
ST_5 : Operation 82 [1/1] (0.00ns)   --->   "%specpipeline_ln88 = specpipeline void @_ssdm_op_SpecPipeline, i32 4294967295, i32 0, i32 0, i32 0, void @empty" [Gaussian_Blur/blur.cpp:88]   --->   Operation 82 'specpipeline' 'specpipeline_ln88' <Predicate = (!icmp_ln88)> <Delay = 0.00>
ST_5 : Operation 83 [1/1] (0.00ns)   --->   "%specloopname_ln88 = specloopname void @_ssdm_op_SpecLoopName, void @empty_3" [Gaussian_Blur/blur.cpp:88]   --->   Operation 83 'specloopname' 'specloopname_ln88' <Predicate = (!icmp_ln88)> <Delay = 0.00>
ST_5 : Operation 84 [1/1] (3.63ns)   --->   "%pix_in_1 = read i24 @_ssdm_op_Read.ap_fifo.volatile.i24P0A, i24 %vconv" [C:/Xilinx/Vitis_HLS/2020.2/common/technology/autopilot/hls_stream_39.h:145]   --->   Operation 84 'read' 'pix_in_1' <Predicate = (select_ln88_2 & icmp_ln93)> <Delay = 3.63> <CoreInst = "FIFO_SRL">   --->   Core 81 'FIFO_SRL' <Latency = 0> <II = 1> <Delay = 3.63> <Storage> <Opcode : 'read' 'write' 'nbread' 'nbwrite'> <Ports = 0> <Width = 24> <Depth = 2> <FIFO>
ST_5 : Operation 85 [1/1] (0.00ns)   --->   "%borderbuf_V_addr = getelementptr i24 %borderbuf_V, i64 0, i64 %zext_ln87_1" [Gaussian_Blur/blur.cpp:95]   --->   Operation 85 'getelementptr' 'borderbuf_V_addr' <Predicate = (select_ln88_2 & icmp_ln93)> <Delay = 0.00>
ST_5 : Operation 86 [1/1] (3.25ns)   --->   "%store_ln95 = store i24 %pix_in_1, i11 %borderbuf_V_addr" [Gaussian_Blur/blur.cpp:95]   --->   Operation 86 'store' 'store_ln95' <Predicate = (select_ln88_2 & icmp_ln93)> <Delay = 3.25> <CoreInst = "RAM">   --->   Core 82 'RAM' <Latency = 1> <II = 1> <Delay = 3.25> <Storage> <Opcode : 'load' 'store'> <Ports = 2> <Width = 24> <Depth = 1906> <RAM>
ST_5 : Operation 87 [1/1] (0.00ns)   --->   "%store_ln96 = store i24 %pix_in_1, i24 %pix_in" [Gaussian_Blur/blur.cpp:96]   --->   Operation 87 'store' 'store_ln96' <Predicate = (select_ln88_2 & icmp_ln93)> <Delay = 0.00>
ST_5 : Operation 88 [1/1] (0.00ns)   --->   "%br_ln96 = br void %._crit_edge5.i.i" [Gaussian_Blur/blur.cpp:96]   --->   Operation 88 'br' 'br_ln96' <Predicate = (select_ln88_2 & icmp_ln93)> <Delay = 0.00>

State 6 <SV = 5> <Delay = 4.89>
ST_6 : Operation 89 [1/1] (0.00ns)   --->   "%pix_in_3 = load i24 %pix_in" [Gaussian_Blur/blur.cpp:99]   --->   Operation 89 'load' 'pix_in_3' <Predicate = (select_ln88_2)> <Delay = 0.00>
ST_6 : Operation 90 [1/1] (0.00ns)   --->   "%r_edge_pix_load = load i24 %r_edge_pix" [Gaussian_Blur/blur.cpp:99]   --->   Operation 90 'load' 'r_edge_pix_load' <Predicate = (select_ln88_2 & !icmp_ln99)> <Delay = 0.00>
ST_6 : Operation 91 [1/1] (0.00ns)   --->   "%l_edge_pix_load = load i24 %l_edge_pix" [Gaussian_Blur/blur.cpp:97]   --->   Operation 91 'load' 'l_edge_pix_load' <Predicate = (select_ln88_2)> <Delay = 0.00>
ST_6 : Operation 92 [1/1] (2.47ns)   --->   "%icmp_ln97 = icmp_eq  i32 %select_ln88, i32 0" [Gaussian_Blur/blur.cpp:97]   --->   Operation 92 'icmp' 'icmp_ln97' <Predicate = (select_ln88_2)> <Delay = 2.47> <CoreInst = "Cmp">   --->   Core 9 'Cmp' <Latency = 0> <II = 1> <Delay = 2.47> <FuncUnit> <Opcode : 'icmp'> <InPorts = 2> <OutPorts = 1>
ST_6 : Operation 93 [1/1] (0.69ns)   --->   "%l_edge_pix_1 = select i1 %icmp_ln97, i24 %pix_in_3, i24 %l_edge_pix_load" [Gaussian_Blur/blur.cpp:97]   --->   Operation 93 'select' 'l_edge_pix_1' <Predicate = (select_ln88_2)> <Delay = 0.69> <CoreInst = "Sel">   --->   Core 73 'Sel' <Latency = 0> <II = 1> <Delay = 0.69> <FuncUnit> <Opcode : 'select'> <InPorts = 3> <OutPorts = 1>
ST_6 : Operation 94 [1/1] (0.69ns)   --->   "%select_ln99 = select i1 %icmp_ln99, i24 %pix_in_3, i24 %r_edge_pix_load" [Gaussian_Blur/blur.cpp:99]   --->   Operation 94 'select' 'select_ln99' <Predicate = (select_ln88_2)> <Delay = 0.69> <CoreInst = "Sel">   --->   Core 73 'Sel' <Latency = 0> <II = 1> <Delay = 0.69> <FuncUnit> <Opcode : 'select'> <InPorts = 3> <OutPorts = 1>
ST_6 : Operation 95 [1/1] (0.00ns)   --->   "%store_ln99 = store i24 %l_edge_pix_1, i24 %l_edge_pix" [Gaussian_Blur/blur.cpp:99]   --->   Operation 95 'store' 'store_ln99' <Predicate = (select_ln88_2)> <Delay = 0.00>
ST_6 : Operation 96 [1/1] (0.00ns)   --->   "%store_ln99 = store i24 %select_ln99, i24 %r_edge_pix" [Gaussian_Blur/blur.cpp:99]   --->   Operation 96 'store' 'store_ln99' <Predicate = (select_ln88_2)> <Delay = 0.00>
ST_6 : Operation 97 [1/1] (0.00ns)   --->   "%br_ln99 = br void %.split2._crit_edge.i.i_ifconv" [Gaussian_Blur/blur.cpp:99]   --->   Operation 97 'br' 'br_ln99' <Predicate = (select_ln88_2)> <Delay = 0.00>
ST_6 : Operation 98 [1/1] (0.00ns)   --->   "%tmp_2 = partselect i29 @_ssdm_op_PartSelect.i29.i32.i32.i32, i32 %select_ln88, i32 3, i32 31" [Gaussian_Blur/blur.cpp:102]   --->   Operation 98 'partselect' 'tmp_2' <Predicate = (!icmp_ln88)> <Delay = 0.00>
ST_6 : Operation 99 [1/1] (2.46ns)   --->   "%icmp_ln102 = icmp_eq  i29 %tmp_2, i29 0" [Gaussian_Blur/blur.cpp:102]   --->   Operation 99 'icmp' 'icmp_ln102' <Predicate = (!icmp_ln88)> <Delay = 2.46> <CoreInst = "Cmp">   --->   Core 9 'Cmp' <Latency = 0> <II = 1> <Delay = 2.47> <FuncUnit> <Opcode : 'icmp'> <InPorts = 2> <OutPorts = 1>
ST_6 : Operation 100 [1/1] (1.63ns)   --->   "%add_ln107 = add i11 %trunc_ln87, i11 2041" [Gaussian_Blur/blur.cpp:107]   --->   Operation 100 'add' 'add_ln107' <Predicate = (!icmp_ln88)> <Delay = 1.63> <CoreInst = "Adder">   --->   Core 1 'Adder' <Latency = 0> <II = 1> <Delay = 2.55> <FuncUnit> <Opcode : 'add' 'sub'> <InPorts = 2> <OutPorts = 1>
ST_6 : Operation 101 [1/1] (0.00ns)   --->   "%zext_ln107 = zext i11 %add_ln107" [Gaussian_Blur/blur.cpp:107]   --->   Operation 101 'zext' 'zext_ln107' <Predicate = (!icmp_ln88)> <Delay = 0.00>
ST_6 : Operation 102 [1/1] (0.00ns)   --->   "%borderbuf_V_addr_1 = getelementptr i24 %borderbuf_V, i64 0, i64 %zext_ln107" [Gaussian_Blur/blur.cpp:107]   --->   Operation 102 'getelementptr' 'borderbuf_V_addr_1' <Predicate = (!icmp_ln88)> <Delay = 0.00>
ST_6 : Operation 103 [2/2] (3.25ns)   --->   "%borderbuf_V_load = load i11 %borderbuf_V_addr_1" [Gaussian_Blur/blur.cpp:107]   --->   Operation 103 'load' 'borderbuf_V_load' <Predicate = (!icmp_ln88)> <Delay = 3.25> <CoreInst = "RAM">   --->   Core 82 'RAM' <Latency = 1> <II = 1> <Delay = 3.25> <Storage> <Opcode : 'load' 'store'> <Ports = 2> <Width = 24> <Depth = 1906> <RAM>

State 7 <SV = 6> <Delay = 4.23>
ST_7 : Operation 104 [1/1] (0.00ns)   --->   "%r_edge_pix_2 = load i24 %r_edge_pix" [Gaussian_Blur/blur.cpp:104]   --->   Operation 104 'load' 'r_edge_pix_2' <Predicate = (!icmp_ln88 & !icmp_ln102)> <Delay = 0.00>
ST_7 : Operation 105 [1/1] (0.00ns)   --->   "%l_edge_pix_2 = load i24 %l_edge_pix" [Gaussian_Blur/blur.cpp:102]   --->   Operation 105 'load' 'l_edge_pix_2' <Predicate = (!icmp_ln88 & icmp_ln102)> <Delay = 0.00>
ST_7 : Operation 106 [1/2] (3.25ns)   --->   "%borderbuf_V_load = load i11 %borderbuf_V_addr_1" [Gaussian_Blur/blur.cpp:107]   --->   Operation 106 'load' 'borderbuf_V_load' <Predicate = (!icmp_ln88)> <Delay = 3.25> <CoreInst = "RAM">   --->   Core 82 'RAM' <Latency = 1> <II = 1> <Delay = 3.25> <Storage> <Opcode : 'load' 'store'> <Ports = 2> <Width = 24> <Depth = 1906> <RAM>
ST_7 : Operation 107 [1/1] (0.00ns) (grouped into LUT with out node pix_out)   --->   "%xor_ln102 = xor i1 %icmp_ln102, i1 1" [Gaussian_Blur/blur.cpp:102]   --->   Operation 107 'xor' 'xor_ln102' <Predicate = (!icmp_ln88 & !icmp_ln102)> <Delay = 0.00> <CoreInst = "LogicGate">   --->   Core 74 'LogicGate' <Latency = 0> <II = 1> <Delay = 0.97> <FuncUnit> <Opcode : 'and' 'or' 'xor'> <InPorts = 2> <OutPorts = 1>
ST_7 : Operation 108 [1/1] (0.00ns) (grouped into LUT with out node pix_out)   --->   "%and_ln104 = and i1 %icmp_ln104, i1 %xor_ln102" [Gaussian_Blur/blur.cpp:104]   --->   Operation 108 'and' 'and_ln104' <Predicate = (!icmp_ln88 & !icmp_ln102)> <Delay = 0.00> <CoreInst = "LogicGate">   --->   Core 74 'LogicGate' <Latency = 0> <II = 1> <Delay = 0.97> <FuncUnit> <Opcode : 'and' 'or' 'xor'> <InPorts = 2> <OutPorts = 1>
ST_7 : Operation 109 [1/1] (0.00ns) (grouped into LUT with out node pix_out)   --->   "%select_ln104 = select i1 %and_ln104, i24 %borderbuf_V_load, i24 %r_edge_pix_2" [Gaussian_Blur/blur.cpp:104]   --->   Operation 109 'select' 'select_ln104' <Predicate = (!icmp_ln88 & !icmp_ln102)> <Delay = 0.00> <CoreInst = "Sel">   --->   Core 73 'Sel' <Latency = 0> <II = 1> <Delay = 0.69> <FuncUnit> <Opcode : 'select'> <InPorts = 3> <OutPorts = 1>
ST_7 : Operation 110 [1/1] (0.97ns) (out node of the LUT)   --->   "%pix_out = select i1 %icmp_ln102, i24 %l_edge_pix_2, i24 %select_ln104" [Gaussian_Blur/blur.cpp:102]   --->   Operation 110 'select' 'pix_out' <Predicate = (!icmp_ln88)> <Delay = 0.97> <CoreInst = "Sel">   --->   Core 73 'Sel' <Latency = 0> <II = 1> <Delay = 0.69> <FuncUnit> <Opcode : 'select'> <InPorts = 3> <OutPorts = 1>
ST_7 : Operation 111 [2/2] (0.00ns)   --->   "%write_ln304 = write void @_ssdm_op_Write.axis.volatile.i24P0A.i3P0A.i3P0A.i1P0A.i1P0A.i1P0A.i1P0A, i24 %out_data_V_data_V, i3 %out_data_V_keep_V, i3 %out_data_V_strb_V, i1 %out_data_V_user_V, i1 %out_data_V_last_V, i1 %out_data_V_id_V, i1 %out_data_V_dest_V, i24 %pix_out, i3 7, i3 1, i1 0, i1 %output_last_V, i1 0, i1 0"   --->   Operation 111 'write' 'write_ln304' <Predicate = (!icmp_ln88)> <Delay = 0.00> <CoreInst = "axis">   --->   Core 115 'axis' <Latency = 0> <II = 1> <Delay = 1.00> <Adapter> <Opcode : >

State 8 <SV = 7> <Delay = 0.00>
ST_8 : Operation 112 [1/2] (0.00ns)   --->   "%write_ln304 = write void @_ssdm_op_Write.axis.volatile.i24P0A.i3P0A.i3P0A.i1P0A.i1P0A.i1P0A.i1P0A, i24 %out_data_V_data_V, i3 %out_data_V_keep_V, i3 %out_data_V_strb_V, i1 %out_data_V_user_V, i1 %out_data_V_last_V, i1 %out_data_V_id_V, i1 %out_data_V_dest_V, i24 %pix_out, i3 7, i3 1, i1 0, i1 %output_last_V, i1 0, i1 0"   --->   Operation 112 'write' 'write_ln304' <Predicate = (!icmp_ln88)> <Delay = 0.00> <CoreInst = "axis">   --->   Core 115 'axis' <Latency = 0> <II = 1> <Delay = 1.00> <Adapter> <Opcode : >
ST_8 : Operation 113 [1/1] (0.00ns)   --->   "%br_ln0 = br void"   --->   Operation 113 'br' 'br_ln0' <Predicate = (!icmp_ln88)> <Delay = 0.00>

State 9 <SV = 4> <Delay = 0.00>
ST_9 : Operation 114 [1/1] (0.00ns)   --->   "%ret_ln0 = ret"   --->   Operation 114 'ret' 'ret_ln0' <Predicate = true> <Delay = 0.00>


============================================================
+ Verbose Summary: Timing violations
============================================================
Target clock period: 10ns, clock uncertainty: 2.7ns.

 <State 1>: 3.63ns
The critical path consists of the following:
	fifo read on port 'h' (Gaussian_Blur/blur.cpp:86) [27]  (3.63 ns)

 <State 2>: 6.91ns
The critical path consists of the following:
	'mul' operation ('bound', Gaussian_Blur/blur.cpp:86) [41]  (6.91 ns)

 <State 3>: 6.91ns
The critical path consists of the following:
	'mul' operation ('bound', Gaussian_Blur/blur.cpp:86) [41]  (6.91 ns)

 <State 4>: 6.62ns
The critical path consists of the following:
	'phi' operation ('j', Gaussian_Blur/blur.cpp:87) with incoming values : ('add_ln87', Gaussian_Blur/blur.cpp:87) [46]  (0 ns)
	'icmp' operation ('icmp_ln87', Gaussian_Blur/blur.cpp:87) [62]  (2.47 ns)
	'select' operation ('select_ln88', Gaussian_Blur/blur.cpp:88) [63]  (0.698 ns)
	'icmp' operation ('icmp_ln112', Gaussian_Blur/blur.cpp:112) [114]  (2.47 ns)
	'and' operation ('output.last.V', Gaussian_Blur/blur.cpp:112) [115]  (0.978 ns)

 <State 5>: 6.89ns
The critical path consists of the following:
	fifo read on port 'vconv' (C:/Xilinx/Vitis_HLS/2020.2/common/technology/autopilot/hls_stream_39.h:145) [84]  (3.63 ns)
	'store' operation ('store_ln95', Gaussian_Blur/blur.cpp:95) of variable 'pix_in', C:/Xilinx/Vitis_HLS/2020.2/common/technology/autopilot/hls_stream_39.h:145 on array 'borderbuf.V', Gaussian_Blur/blur.cpp:35 [86]  (3.25 ns)

 <State 6>: 4.89ns
The critical path consists of the following:
	'add' operation ('add_ln107', Gaussian_Blur/blur.cpp:107) [106]  (1.64 ns)
	'getelementptr' operation ('borderbuf_V_addr_1', Gaussian_Blur/blur.cpp:107) [108]  (0 ns)
	'load' operation ('borderbuf_V_load', Gaussian_Blur/blur.cpp:107) on array 'borderbuf.V', Gaussian_Blur/blur.cpp:35 [109]  (3.25 ns)

 <State 7>: 4.23ns
The critical path consists of the following:
	'load' operation ('borderbuf_V_load', Gaussian_Blur/blur.cpp:107) on array 'borderbuf.V', Gaussian_Blur/blur.cpp:35 [109]  (3.25 ns)
	'select' operation ('select_ln104', Gaussian_Blur/blur.cpp:104) [112]  (0 ns)
	'select' operation ('pix_out', Gaussian_Blur/blur.cpp:102) [113]  (0.978 ns)

 <State 8>: 0ns
The critical path consists of the following:

 <State 9>: 0ns
The critical path consists of the following:


============================================================
+ Verbose Summary: Binding
============================================================
N/A
* FSMD analyzer results:
  - Output states:
 - Input state : 
  - Chain level:
	State 1
	State 2
	State 3
	State 4
	State 5
	State 6
	State 7
	State 8
	State 9


============================================================
+ Verbose Summary: Datapath Resource usage 
============================================================
N/A
