

================================================================
== Vitis HLS Report for 'Block_split32_proc'
================================================================
* Date:           Fri Feb 25 17:19:03 2022

* Version:        2020.2 (Build 3064766 on Wed Nov 18 09:12:45 MST 2020)
* Project:        Sobel
* Solution:       solution1 (Vivado IP Flow Target)
* Product family: zynq
* Target device:  xc7z020-clg400-1


================================================================
== Performance Estimates
================================================================
+ Timing: 
    * Summary: 
    +--------+----------+----------+------------+
    |  Clock |  Target  | Estimated| Uncertainty|
    +--------+----------+----------+------------+
    |ap_clk  |  10.00 ns|  6.186 ns|     2.70 ns|
    +--------+----------+----------+------------+

+ Latency: 
    * Summary: 
    +---------+---------+-----------+-----------+-----+-----+---------+
    |  Latency (cycles) |   Latency (absolute)  |  Interval | Pipeline|
    |   min   |   max   |    min    |    max    | min | max |   Type  |
    +---------+---------+-----------+-----------+-----+-----+---------+
    |        1|        1|  10.000 ns|  10.000 ns|    1|    1|     none|
    +---------+---------+-----------+-----------+-----+-----+---------+

    + Detail: 
        * Instance: 
        N/A

        * Loop: 
        N/A



================================================================
== Utilization Estimates
================================================================
* Summary: 
+-----------------+---------+-----+--------+-------+-----+
|       Name      | BRAM_18K| DSP |   FF   |  LUT  | URAM|
+-----------------+---------+-----+--------+-------+-----+
|DSP              |        -|    -|       -|      -|    -|
|Expression       |        -|    -|       0|     43|    -|
|FIFO             |        -|    -|       -|      -|    -|
|Instance         |        -|    -|       -|      -|    -|
|Memory           |        -|    -|       -|      -|    -|
|Multiplexer      |        -|    -|       -|     59|    -|
|Register         |        -|    -|      36|      -|    -|
+-----------------+---------+-----+--------+-------+-----+
|Total            |        0|    0|      36|    102|    0|
+-----------------+---------+-----+--------+-------+-----+
|Available        |      280|  220|  106400|  53200|    0|
+-----------------+---------+-----+--------+-------+-----+
|Utilization (%)  |        0|    0|      ~0|     ~0|    0|
+-----------------+---------+-----+--------+-------+-----+

+ Detail: 
    * Instance: 
    N/A

    * DSP: 
    N/A

    * Memory: 
    N/A

    * FIFO: 
    N/A

    * Expression: 
    +------------------------+----------+----+---+----+------------+------------+
    |      Variable Name     | Operation| DSP| FF| LUT| Bitwidth P0| Bitwidth P1|
    +------------------------+----------+----+---+----+------------+------------+
    |vconv_xlim_out_out_din  |         +|   0|  0|  39|          32|           3|
    |ap_block_state1         |        or|   0|  0|   2|           1|           1|
    |ap_block_state2         |        or|   0|  0|   2|           1|           1|
    +------------------------+----------+----+---+----+------------+------------+
    |Total                   |          |   0|  0|  43|          34|           5|
    +------------------------+----------+----+---+----+------------+------------+

    * Multiplexer: 
    +--------------------------+----+-----------+-----+-----------+
    |           Name           | LUT| Input Size| Bits| Total Bits|
    +--------------------------+----+-----------+-----+-----------+
    |ap_NS_fsm                 |  14|          3|    1|          3|
    |ap_done                   |   9|          2|    1|          2|
    |real_start                |   9|          2|    1|          2|
    |vconv_xlim_out_out_blk_n  |   9|          2|    1|          2|
    |w_blk_n                   |   9|          2|    1|          2|
    |w_out_blk_n               |   9|          2|    1|          2|
    +--------------------------+----+-----------+-----+-----------+
    |Total                     |  59|         13|    6|         13|
    +--------------------------+----+-----------+-----+-----------+

    * Register: 
    +----------------+----+----+-----+-----------+
    |      Name      | FF | LUT| Bits| Const Bits|
    +----------------+----+----+-----+-----------+
    |ap_CS_fsm       |   2|   0|    2|          0|
    |ap_done_reg     |   1|   0|    1|          0|
    |start_once_reg  |   1|   0|    1|          0|
    |w_read_reg_52   |  32|   0|   32|          0|
    +----------------+----+----+-----+-----------+
    |Total           |  36|   0|   36|          0|
    +----------------+----+----+-----+-----------+



================================================================
== Interface
================================================================
* Summary: 
+---------------------------+-----+-----+------------+---------------------+--------------+
|         RTL Ports         | Dir | Bits|  Protocol  |    Source Object    |    C Type    |
+---------------------------+-----+-----+------------+---------------------+--------------+
|ap_clk                     |   in|    1|  ap_ctrl_hs|  Block_.split32_proc|  return value|
|ap_rst                     |   in|    1|  ap_ctrl_hs|  Block_.split32_proc|  return value|
|ap_start                   |   in|    1|  ap_ctrl_hs|  Block_.split32_proc|  return value|
|start_full_n               |   in|    1|  ap_ctrl_hs|  Block_.split32_proc|  return value|
|ap_done                    |  out|    1|  ap_ctrl_hs|  Block_.split32_proc|  return value|
|ap_continue                |   in|    1|  ap_ctrl_hs|  Block_.split32_proc|  return value|
|ap_idle                    |  out|    1|  ap_ctrl_hs|  Block_.split32_proc|  return value|
|ap_ready                   |  out|    1|  ap_ctrl_hs|  Block_.split32_proc|  return value|
|start_out                  |  out|    1|  ap_ctrl_hs|  Block_.split32_proc|  return value|
|start_write                |  out|    1|  ap_ctrl_hs|  Block_.split32_proc|  return value|
|w_dout                     |   in|   32|     ap_fifo|                    w|       pointer|
|w_empty_n                  |   in|    1|     ap_fifo|                    w|       pointer|
|w_read                     |  out|    1|     ap_fifo|                    w|       pointer|
|w_out_din                  |  out|   32|     ap_fifo|                w_out|       pointer|
|w_out_full_n               |   in|    1|     ap_fifo|                w_out|       pointer|
|w_out_write                |  out|    1|     ap_fifo|                w_out|       pointer|
|vconv_xlim_out_out_din     |  out|   32|     ap_fifo|   vconv_xlim_out_out|       pointer|
|vconv_xlim_out_out_full_n  |   in|    1|     ap_fifo|   vconv_xlim_out_out|       pointer|
|vconv_xlim_out_out_write   |  out|    1|     ap_fifo|   vconv_xlim_out_out|       pointer|
+---------------------------+-----+-----+------------+---------------------+--------------+

