

================================================================
== Synthesis Summary Report of 'Sobel'
================================================================
+ General Information: 
    * Date:           Fri Feb 25 17:19:04 2022
    * Version:        2020.2 (Build 3064766 on Wed Nov 18 09:12:45 MST 2020)
    * Project:        Sobel
    * Solution:       solution1 (Vivado IP Flow Target)
    * Product family: zynq
    * Target device:  xc7z020-clg400-1
    

+ Performance & Resource Estimates: 
    
    PS: '+' for module; 'o' for loop; '*' for dataflow
    +----------------------------------+------+-------+---------+-----------+----------+---------+---------+----------+---------+----+-----------+-----------+-----+
    |              Modules             | Issue|       | Latency |  Latency  | Iteration|         |   Trip  |          |         |    |           |           |     |
    |              & Loops             | Type | Slack | (cycles)|    (ns)   |  Latency | Interval|  Count  | Pipelined|  BRAM   | DSP|     FF    |    LUT    | URAM|
    +----------------------------------+------+-------+---------+-----------+----------+---------+---------+----------+---------+----+-----------+-----------+-----+
    |+ Sobel*                          |     -|  -0.03|        -|          -|         -|        -|        -|  dataflow|   3 (1%)|   -|  2856 (2%)|  2690 (5%)|    -|
    | + grp_Loop_Border_proc_fu_170    |     -|  -0.39|        -|          -|         -|        -|        -|        no|  1 (~0%)|   -|  883 (~0%)|   908 (1%)|    -|
    |  o Border_VITIS_LOOP_75_1        |     -|  -7.30|        -|          -|         5|        1|        -|       yes|        -|   -|          -|          -|    -|
    | + grp_Loop_VConvH_proc_fu_192    |     -|  -0.03|        -|          -|         -|        -|        -|        no|  2 (~0%)|   -|  453 (~0%)|  437 (~0%)|    -|
    |  o VConvH_VConvW                 |     -|  -7.30|        -|          -|         2|        1|        -|       yes|        -|   -|          -|          -|    -|
    | + grp_Loop_HConvH_proc8_fu_206   |     -|  -0.39|  2070605|  2.071e+07|         -|  2070605|        -|        no|        -|   -|  385 (~0%)|  337 (~0%)|    -|
    |  o HConvH_HConvW                 |     -|  -7.30|  2070601|  2.071e+07|         2|        1|  2070601|       yes|        -|   -|          -|          -|    -|
    | + grp_Block_split32_proc_fu_227  |     -|  -1.11|        1|     10.000|         -|        1|        -|        no|        -|   -|   36 (~0%)|  102 (~0%)|    -|
    | + call_ln19_Sobel_entry9_fu_234  |     -|  -3.67|        0|      0.000|         -|        0|        -|        no|        -|   -|    3 (~0%)|   56 (~0%)|    -|
    +----------------------------------+------+-------+---------+-----------+----------+---------+---------+----------+---------+----+-----------+-----------+-----+

